epoch,accuracy,loss
0,0.091796875,2360.5478515625
1,0.154296875,17.134397506713867
2,0.2138671875,5.120188236236572
3,0.2109375,3.049874782562256
4,0.216796875,3.0364885330200195
5,0.21484375,3.120494842529297
6,0.2158203125,3.0548930168151855
7,0.2138671875,3.2159101963043213
8,0.21484375,2.737351179122925
9,0.216796875,2.868828296661377
0,0.2177734375,2.5106263160705566
1,0.21875,3.3774349689483643
2,0.216796875,2.7465150356292725
3,0.2177734375,2.5140738487243652
4,0.216796875,2.5035929679870605
5,0.21875,2.480665922164917
6,0.2177734375,2.4641366004943848
7,0.2177734375,2.457581043243408
8,0.2177734375,2.4802770614624023
9,0.21875,2.624138355255127
0,0.228515625,2.6191253662109375
1,0.2294921875,2.8172407150268555
2,0.2294921875,2.609011173248291
3,0.2294921875,2.453187942504883
4,0.2294921875,2.450443744659424
5,0.2294921875,2.4478588104248047
6,0.228515625,2.445077896118164
7,0.2294921875,2.57380747795105
8,0.2275390625,2.6929779052734375
9,0.2294921875,2.4387099742889404
0,0.2216796875,2.430619239807129
1,0.2216796875,2.429262399673462
2,0.22265625,2.426486015319824
3,0.2216796875,2.426121711730957
4,0.220703125,2.829714775085449
5,0.2216796875,2.9757909774780273
6,0.2216796875,2.426588535308838
7,0.220703125,2.44227933883667
8,0.2216796875,2.420355796813965
9,0.2216796875,2.428983449935913
0,0.22265625,2.436960220336914
1,0.22265625,2.511303663253784
2,0.22265625,2.434617519378662
3,0.22265625,2.483962297439575
4,0.2216796875,2.4608864784240723
5,0.22265625,2.4609200954437256
6,0.2216796875,2.47894024848938
7,0.22265625,2.474379777908325
8,0.22265625,2.428520679473877
9,0.22265625,2.427645206451416
0,0.2255859375,2.55598783493042
1,0.2275390625,2.4440901279449463
2,0.2265625,2.4447247982025146
3,0.2265625,2.4438157081604004
4,0.2265625,2.49141001701355
5,0.2265625,2.441882848739624
6,0.2255859375,2.4405696392059326
7,0.2265625,2.471405267715454
8,0.2265625,2.4395313262939453
9,0.2265625,2.438875198364258
0,0.23046875,2.4739186763763428
1,0.2275390625,2.3986897468566895
2,0.228515625,2.397676944732666
3,0.228515625,2.396531105041504
4,0.228515625,2.3951215744018555
5,0.228515625,2.3938419818878174
6,0.228515625,2.3925886154174805
7,0.228515625,2.391315460205078
8,0.228515625,2.3903393745422363
9,0.2294921875,2.3880114555358887
0,0.2265625,2.405867338180542
1,0.2265625,2.489698886871338
2,0.2275390625,2.4034528732299805
3,0.2265625,2.4038610458374023
4,0.2265625,2.474968194961548
5,0.2265625,2.402552843093872
6,0.2265625,2.401998996734619
7,0.2265625,2.4012813568115234
8,0.2265625,2.4006776809692383
9,0.2265625,2.400064706802368
0,0.2626953125,2.3589072227478027
1,0.2626953125,2.3572168350219727
2,0.2626953125,2.354924201965332
3,0.2626953125,2.3523519039154053
4,0.2626953125,2.3496267795562744
5,0.2626953125,2.35001277923584
6,0.2626953125,2.3455593585968018
7,0.2626953125,2.3440706729888916
8,0.2626953125,2.3426694869995117
9,0.2626953125,2.3419549465179443
0,0.212890625,2.4045419692993164
1,0.212890625,2.4030003547668457
2,0.212890625,2.400269031524658
3,0.212890625,2.396571397781372
4,0.212890625,2.3936588764190674
5,0.212890625,2.3906540870666504
6,0.212890625,2.3885903358459473
7,0.212890625,2.386868476867676
8,0.212890625,2.3855502605438232
9,0.212890625,2.3845086097717285
0,0.21875,2.394778251647949
1,0.21875,2.394068479537964
2,0.21875,2.3929922580718994
3,0.21875,2.3917860984802246
4,0.21875,2.390716791152954
5,0.21875,2.404146194458008
6,0.21875,2.3885951042175293
7,0.21875,2.388129472732544
8,0.21875,2.387509346008301
9,0.21875,2.3870351314544678
0,0.2373046875,2.3436036109924316
1,0.2373046875,2.3425841331481934
2,0.2373046875,2.3408000469207764
3,0.2373046875,2.33902645111084
4,0.2373046875,2.338829278945923
5,0.2373046875,2.3355813026428223
6,0.2373046875,2.3345210552215576
7,0.2373046875,2.3331027030944824
8,0.2373046875,2.3324475288391113
9,0.2373046875,2.3316330909729004
0,0.2255859375,2.355938673019409
1,0.2255859375,2.3548388481140137
2,0.2255859375,2.3530938625335693
3,0.2255859375,2.351362466812134
4,0.2255859375,2.3492727279663086
5,0.2255859375,2.3477721214294434
6,0.2255859375,2.4015562534332275
7,0.2255859375,2.345625400543213
8,0.2255859375,2.3449630737304688
9,0.2255859375,2.3442294597625732
0,0.2373046875,2.351046085357666
1,0.2373046875,2.3493759632110596
2,0.2373046875,2.3464760780334473
3,0.2373046875,2.3448586463928223
4,0.236328125,2.3404641151428223
5,0.2373046875,2.338616371154785
6,0.2373046875,2.3371148109436035
7,0.2373046875,2.336031198501587
8,0.2373046875,2.3840107917785645
9,0.2373046875,2.3347606658935547
0,0.212890625,2.399195671081543
1,0.212890625,2.398437976837158
2,0.212890625,2.396369695663452
3,0.212890625,2.394704818725586
4,0.212890625,2.3921713829040527
5,0.212890625,2.3907864093780518
6,0.212890625,2.41438889503479
7,0.2119140625,2.3873636722564697
8,0.212890625,2.3867533206939697
9,0.212890625,2.385869026184082
0,0.19921875,2.385791301727295
1,0.19921875,2.384782075881958
2,0.1982421875,2.3826661109924316
3,0.19921875,2.3813223838806152
4,0.19921875,2.379859209060669
5,0.19921875,2.3782639503479004
6,0.19921875,2.376909017562866
7,0.1982421875,2.4100544452667236
8,0.19921875,2.3751347064971924
9,0.19921875,2.374333620071411
0,0.2265625,2.350597381591797
1,0.2265625,2.348871946334839
2,0.2265625,2.346808910369873
3,0.2265625,2.3445076942443848
4,0.2265625,2.342681407928467
5,0.2265625,2.3412368297576904
6,0.2265625,2.3398523330688477
7,0.2255859375,2.3621609210968018
8,0.2265625,2.3380515575408936
9,0.2265625,2.337454319000244
0,0.21875,2.371673107147217
1,0.21875,2.370319128036499
2,0.21875,2.368330955505371
3,0.21875,2.365825653076172
4,0.21875,2.36399245262146
5,0.21875,2.63565731048584
6,0.21875,2.360832452774048
7,0.21875,2.359677314758301
8,0.2197265625,2.3587965965270996
9,0.21875,2.3587732315063477
0,0.2138671875,2.370453357696533
1,0.2138671875,2.3699731826782227
2,0.2138671875,2.3690829277038574
3,0.2138671875,2.368276596069336
4,0.2138671875,2.3670191764831543
5,0.2138671875,2.3660850524902344
6,0.2138671875,2.36531662940979
7,0.2138671875,4.271820068359375
8,0.2138671875,2.3640618324279785
9,0.2138671875,2.3640589714050293
0,0.2333984375,2.366621971130371
1,0.234375,2.3472983837127686
2,0.234375,2.3470497131347656
3,0.234375,2.3488452434539795
4,0.234375,2.349386692047119
5,0.234375,2.347151041030884
6,0.2333984375,2.3831820487976074
7,0.234375,2.343423843383789
8,0.234375,2.3426599502563477
9,0.2353515625,2.3408875465393066
0,0.2392578125,2.313783645629883
1,0.2392578125,2.313323736190796
2,0.2392578125,2.340019941329956
3,0.23828125,2.4382123947143555
4,0.2392578125,2.3129096031188965
5,0.2392578125,2.310181140899658
6,0.2392578125,2.309891700744629
7,0.2392578125,2.309723377227783
8,0.2392578125,2.3269124031066895
9,0.2392578125,2.309098958969116
0,0.248046875,2.3131062984466553
1,0.248046875,2.3122167587280273
2,0.248046875,2.3106722831726074
3,0.248046875,2.309404134750366
4,0.248046875,2.3079049587249756
5,0.248046875,2.306856393814087
6,0.248046875,2.3059885501861572
7,0.248046875,2.305349349975586
8,0.248046875,2.3046464920043945
9,0.248046875,2.3042373657226562
0,0.2099609375,2.3777127265930176
1,0.2099609375,2.37565279006958
2,0.2099609375,2.371889114379883
3,0.2099609375,2.369521141052246
4,0.2099609375,2.365276575088501
5,0.2099609375,2.3622734546661377
6,0.2099609375,2.3608124256134033
7,0.2099609375,2.3593192100524902
8,0.2109375,2.3572349548339844
9,0.2099609375,2.35764217376709
0,0.25,2.3347599506378174
1,0.25,4.006412982940674
2,0.25,2.333115577697754
3,0.25,2.332211971282959
4,0.25,2.331660032272339
5,0.25,2.331083297729492
6,0.2490234375,3.1439428329467773
7,0.25,2.3301761150360107
8,0.25,2.329834461212158
9,0.25,2.329601764678955
0,0.2333984375,2.3508400917053223
1,0.2333984375,2.3503499031066895
2,0.2333984375,2.3494389057159424
3,0.2333984375,2.3485448360443115
4,0.2333984375,2.347687244415283
5,0.2333984375,2.347074270248413
6,0.2333984375,2.3464410305023193
7,0.2333984375,2.346001625061035
8,0.2333984375,2.3453726768493652
9,0.2333984375,2.344942092895508
0,0.2236328125,2.4565494060516357
1,0.2236328125,2.348938465118408
2,0.2236328125,3.4885618686676025
3,0.2236328125,2.3463146686553955
4,0.2236328125,2.3452014923095703
5,0.22265625,2.871872901916504
6,0.224609375,2.3412952423095703
7,0.224609375,2.341552257537842
8,0.2236328125,2.3431813716888428
9,0.22265625,2.342902421951294
0,0.240234375,2.293020486831665
1,0.240234375,2.29189133644104
2,0.240234375,2.2902278900146484
3,0.240234375,2.2882776260375977
4,0.240234375,2.2865753173828125
5,0.240234375,2.845803737640381
6,0.2392578125,2.512209415435791
7,0.240234375,2.2834630012512207
8,0.240234375,2.283313751220703
9,0.240234375,2.2828128337860107
0,0.224609375,2.351764678955078
1,0.2236328125,2.4491446018218994
2,0.2255859375,2.347785472869873
3,0.224609375,2.347144603729248
4,0.224609375,2.3456265926361084
5,0.224609375,2.343797206878662
6,0.224609375,2.7739248275756836
7,0.224609375,2.341853141784668
8,0.224609375,2.3415913581848145
9,0.224609375,2.3415684700012207
0,0.25390625,2.3060548305511475
1,0.25390625,2.305563449859619
2,0.25390625,2.3047590255737305
3,0.25390625,2.3034422397613525
4,0.25390625,2.3022711277008057
5,0.25390625,2.3014750480651855
6,0.25390625,2.3006393909454346
7,0.25390625,2.299834728240967
8,0.25390625,2.299281597137451
9,0.25390625,2.2988498210906982
0,0.2392578125,2.388477325439453
1,0.2392578125,2.309206247329712
2,0.2392578125,2.3077847957611084
3,0.2392578125,2.3064591884613037
4,0.2392578125,2.305328369140625
5,0.2392578125,2.304628849029541
6,0.2392578125,2.303684949874878
7,0.2392578125,2.303115129470825
8,0.2392578125,2.562312126159668
9,0.2392578125,2.3022923469543457
0,0.212890625,2.586223602294922
1,0.212890625,2.3349461555480957
2,0.212890625,2.3341615200042725
3,0.212890625,2.333535671234131
4,0.212890625,2.3327174186706543
5,0.212890625,2.332245349884033
6,0.212890625,2.3317089080810547
7,0.212890625,2.331355094909668
8,0.212890625,2.3308262825012207
9,0.212890625,2.330510377883911
0,0.2236328125,2.336742401123047
1,0.2236328125,2.335750102996826
2,0.2236328125,2.334406852722168
3,0.2236328125,2.3329882621765137
4,0.2236328125,2.3318698406219482
5,0.2236328125,2.330561876296997
6,0.2236328125,2.329939842224121
7,0.2236328125,2.378761053085327
8,0.2236328125,2.328711986541748
9,0.2236328125,2.3285446166992188
0,0.2275390625,2.309272289276123
1,0.2275390625,2.3090219497680664
2,0.2275390625,2.3085601329803467
3,0.2275390625,2.308018207550049
4,0.2275390625,2.3075759410858154
5,0.2275390625,2.307079553604126
6,0.2275390625,2.3065598011016846
7,0.2275390625,2.3061680793762207
8,0.2275390625,2.305767297744751
9,0.2275390625,2.305424213409424
0,0.2099609375,2.3513541221618652
1,0.2099609375,2.350600004196167
2,0.2099609375,2.34964919090271
3,0.2109375,2.346618890762329
4,0.2099609375,2.3477954864501953
5,0.2099609375,2.3468594551086426
6,0.2099609375,2.3463966846466064
7,0.2099609375,2.3457648754119873
8,0.2099609375,47.35928726196289
9,0.2099609375,2.3472912311553955
0,0.2080078125,2.327816963195801
1,0.2080078125,2.3301262855529785
2,0.2080078125,2.3311662673950195
3,0.2080078125,2.331103801727295
4,0.2080078125,2.3306732177734375
5,0.2080078125,2.3302054405212402
6,0.2080078125,2.3295669555664062
7,0.2080078125,2.329350709915161
8,0.2080078125,2.3289389610290527
9,0.2080078125,2.328638792037964
0,0.232421875,2.3378119468688965
1,0.232421875,2.3369059562683105
2,0.232421875,2.33577036857605
3,0.2314453125,7.817191123962402
4,0.232421875,2.3336660861968994
5,0.232421875,2.333345413208008
6,0.232421875,2.332963228225708
7,0.232421875,2.333009719848633
8,0.232421875,2.3326468467712402
9,0.232421875,2.332489013671875
0,0.2412109375,2.3480658531188965
1,0.2412109375,2.3471059799194336
2,0.2412109375,2.34584379196167
3,0.2412109375,2.3444652557373047
4,0.2412109375,2.343294143676758
5,0.2412109375,2.3421874046325684
6,0.2412109375,2.341275215148926
7,0.2412109375,2.3406026363372803
8,0.2412109375,2.3398642539978027
9,0.2412109375,2.339236259460449
0,0.2236328125,2.319730520248413
1,0.22265625,2.332047939300537
2,0.2236328125,2.316620349884033
3,0.2236328125,2.3149960041046143
4,0.2236328125,2.313350200653076
5,0.2236328125,2.3120787143707275
6,0.2236328125,2.310990333557129
7,0.2236328125,2.3103222846984863
8,0.2236328125,2.3098578453063965
9,0.2236328125,2.309272289276123
0,0.224609375,2.3573849201202393
1,0.224609375,2.3566808700561523
2,0.224609375,2.35538911819458
3,0.224609375,2.354248046875
4,0.224609375,2.3530421257019043
5,0.224609375,2.352072238922119
6,0.224609375,2.3512725830078125
7,0.224609375,2.3505632877349854
8,0.224609375,2.350090503692627
9,0.224609375,2.349627733230591
0,0.2001953125,2.3833136558532715
1,0.2001953125,2.3822438716888428
2,0.2001953125,2.3803462982177734
3,0.2001953125,2.3784677982330322
4,0.2001953125,2.377135992050171
5,0.2001953125,2.3757107257843018
6,0.2001953125,2.3747100830078125
7,0.2001953125,2.3737709522247314
8,0.2001953125,2.373335123062134
9,0.2001953125,2.3728222846984863
0,0.2431640625,2.321880340576172
1,0.2431640625,2.319497585296631
2,0.2431640625,2.3157176971435547
3,0.2431640625,2.3115525245666504
4,0.2431640625,2.307966947555542
5,0.2431640625,2.3050875663757324
6,0.2431640625,2.302844524383545
7,0.2431640625,2.3021140098571777
8,0.2431640625,2.3008248805999756
9,0.2431640625,2.3005151748657227
0,0.2392578125,2.324519157409668
1,0.2392578125,2.3236050605773926
2,0.2392578125,2.3221852779388428
3,0.2392578125,2.320592164993286
4,0.2392578125,2.319112777709961
5,0.2392578125,2.318352699279785
6,0.2392578125,2.3171048164367676
7,0.2392578125,2.3165571689605713
8,0.2392578125,2.315917491912842
9,0.2392578125,2.3156213760375977
0,0.23046875,2.2895731925964355
1,0.23046875,2.288426399230957
2,0.23046875,2.2867226600646973
3,0.23046875,2.2852120399475098
4,0.23046875,2.284332036972046
5,0.23046875,2.2829926013946533
6,0.23046875,2.2824864387512207
7,0.23046875,2.2820420265197754
8,0.23046875,2.281787157058716
9,0.23046875,2.281485080718994
0,0.244140625,2.3279523849487305
1,0.244140625,2.3259124755859375
2,0.244140625,2.323086738586426
3,0.244140625,2.320361614227295
4,0.244140625,2.317941427230835
5,0.244140625,2.3158345222473145
6,0.244140625,2.3144168853759766
7,0.244140625,2.3136608600616455
8,0.244140625,2.313018321990967
9,0.244140625,2.312469005584717
0,0.255859375,2.2935001850128174
1,0.255859375,2.292630672454834
2,0.255859375,2.2907469272613525
3,0.255859375,2.289227247238159
4,0.255859375,2.287407636642456
5,0.255859375,2.2861881256103516
6,0.255859375,2.2855186462402344
7,0.255859375,2.284769058227539
8,0.255859375,2.284085750579834
9,0.255859375,2.2836756706237793
0,0.21484375,2.342888832092285
1,0.21484375,2.341090202331543
2,0.21484375,2.33770489692688
3,0.21484375,2.334135055541992
4,0.21484375,2.3316845893859863
5,0.21484375,2.3293676376342773
6,0.21484375,2.327946186065674
7,0.21484375,2.326768398284912
8,0.21484375,2.326348304748535
9,0.21484375,2.326005458831787
0,0.220703125,2.3078434467315674
1,0.220703125,2.3074727058410645
2,0.220703125,2.3067188262939453
3,0.2216796875,2.304178237915039
4,0.220703125,2.3049330711364746
5,0.220703125,2.304306983947754
6,0.220703125,2.3035292625427246
7,0.220703125,2.3031857013702393
8,0.220703125,2.302780866622925
9,0.220703125,2.3024327754974365
0,0.20703125,2.3336946964263916
1,0.20703125,2.33221697807312
2,0.20703125,2.3299648761749268
3,0.20703125,2.327467918395996
4,0.20703125,2.325669765472412
5,0.20703125,2.324129343032837
6,0.20703125,2.3227834701538086
7,0.20703125,2.3221352100372314
8,0.20703125,2.3216605186462402
9,0.20703125,2.3211159706115723
0,0.2216796875,2.339245080947876
1,0.2216796875,2.338270425796509
2,0.2216796875,2.3367767333984375
3,0.2216796875,2.335167407989502
4,0.2216796875,2.333876132965088
5,0.2216796875,2.3328425884246826
6,0.2216796875,2.3318324089050293
7,0.220703125,14.75184440612793
8,0.2216796875,2.330883741378784
9,0.2216796875,2.3309288024902344
0,0.232421875,2.3008172512054443
1,0.232421875,2.3007712364196777
2,0.232421875,2.300339460372925
3,0.232421875,2.2998523712158203
4,0.232421875,2.2990670204162598
5,0.232421875,2.298607349395752
6,0.232421875,2.297987937927246
7,0.232421875,2.2973647117614746
8,0.232421875,2.296992063522339
9,0.232421875,2.296485424041748
0,0.2216796875,2.3052897453308105
1,0.2216796875,2.303933620452881
2,0.2216796875,2.3024466037750244
3,0.2216796875,2.300776243209839
4,0.2216796875,2.2995612621307373
5,0.2216796875,2.298664093017578
6,0.2216796875,2.2978127002716064
7,0.2216796875,2.297355890274048
8,0.2216796875,2.2970871925354004
9,0.2216796875,2.2966718673706055
0,0.251953125,2.297159194946289
1,0.251953125,2.295639753341675
2,0.251953125,2.2940235137939453
3,0.251953125,2.2922651767730713
4,0.251953125,2.2905662059783936
5,0.251953125,2.2897517681121826
6,0.251953125,2.2886767387390137
7,0.251953125,2.2880518436431885
8,0.251953125,2.287944793701172
9,0.251953125,2.287527322769165
0,0.2294921875,2.323333263397217
1,0.2294921875,2.32242488861084
2,0.2294921875,2.3214337825775146
3,0.2294921875,2.3205063343048096
4,0.2294921875,2.319709300994873
5,0.2294921875,2.3189547061920166
6,0.2294921875,2.3181540966033936
7,0.2294921875,2.318042278289795
8,0.2294921875,2.3175911903381348
9,0.2294921875,2.317307710647583
0,0.2099609375,2.3207716941833496
1,0.2099609375,2.3199853897094727
2,0.2099609375,2.318498373031616
3,0.2099609375,2.317037582397461
4,0.2099609375,2.3159549236297607
5,0.2099609375,2.3147175312042236
6,0.2099609375,2.3136751651763916
7,0.2099609375,2.313242197036743
8,0.2099609375,2.312653064727783
9,0.2099609375,2.3121869564056396
0,0.2119140625,2.3407211303710938
1,0.2119140625,2.3401873111724854
2,0.2119140625,2.339122772216797
3,0.2119140625,2.3381025791168213
4,0.2119140625,2.3369617462158203
5,0.2119140625,2.336244583129883
6,0.2119140625,2.3353943824768066
7,0.2119140625,2.334897518157959
8,0.2119140625,2.334461212158203
9,0.2119140625,2.334047794342041
0,0.2333984375,2.309823513031006
1,0.2333984375,2.3089683055877686
2,0.2333984375,2.307769298553467
3,0.2333984375,2.3064310550689697
4,0.2333984375,2.3051726818084717
5,0.2333984375,2.3043642044067383
6,0.2333984375,2.303415298461914
7,0.2333984375,2.3028790950775146
8,0.2333984375,2.302464485168457
9,0.2333984375,2.301845073699951
0,0.255859375,2.2706167697906494
1,0.255859375,2.269430637359619
2,0.255859375,2.267698287963867
3,0.255859375,2.2656848430633545
4,0.255859375,2.2637455463409424
5,0.255859375,2.2624878883361816
6,0.255859375,2.261467456817627
7,0.255859375,2.260923147201538
8,0.255859375,2.260077714920044
9,0.255859375,2.2595272064208984
0,0.1962890625,2.3256378173828125
1,0.1962890625,2.322213649749756
2,0.1962890625,2.3172097206115723
3,0.1962890625,2.3125176429748535
4,0.1962890625,2.3085858821868896
5,0.1962890625,2.3051204681396484
6,0.1962890625,2.3033957481384277
7,0.1962890625,2.3023712635040283
8,0.1962890625,2.30155611038208
9,0.1962890625,2.3009719848632812
0,0.2275390625,2.310788154602051
1,0.2275390625,2.3087100982666016
2,0.2275390625,2.3055906295776367
3,0.2275390625,2.3023741245269775
4,0.2275390625,2.2997491359710693
5,0.2275390625,2.2974579334259033
6,0.2275390625,2.2960760593414307
7,0.2275390625,2.295289993286133
8,0.2275390625,2.294769048690796
9,0.2275390625,2.2943785190582275
0,0.236328125,2.287722110748291
1,0.236328125,2.286870241165161
2,0.236328125,2.285430908203125
3,0.236328125,2.2840771675109863
4,0.236328125,2.2826790809631348
5,0.236328125,2.2814228534698486
6,0.236328125,2.2805795669555664
7,0.236328125,2.279728412628174
8,0.236328125,2.279096841812134
9,0.236328125,2.2787704467773438
0,0.2265625,2.299887180328369
1,0.2265625,2.2993412017822266
2,0.2265625,2.2987160682678223
3,0.2265625,2.297675132751465
4,0.2265625,2.2968215942382812
5,0.2265625,2.296049118041992
6,0.2265625,2.295379638671875
7,0.2265625,2.2950825691223145
8,0.2265625,2.29447078704834
9,0.2265625,2.294085741043091
0,0.2333984375,2.2876272201538086
1,0.2333984375,2.287346601486206
2,0.2333984375,2.286895751953125
3,0.2333984375,2.286463499069214
4,0.2333984375,2.286076545715332
5,0.2333984375,2.2857117652893066
6,0.2333984375,2.285358190536499
7,0.2333984375,2.2850894927978516
8,0.2333984375,2.284759283065796
9,0.2333984375,2.284588098526001
0,0.2236328125,2.340972661972046
1,0.2236328125,2.3398780822753906
2,0.2236328125,2.3382999897003174
3,0.2236328125,2.336251974105835
4,0.2236328125,2.334815263748169
5,0.2236328125,2.3336634635925293
6,0.2236328125,2.3323774337768555
7,0.2236328125,2.3315510749816895
8,0.2236328125,2.3308348655700684
9,0.2236328125,2.3305671215057373
0,0.2197265625,2.2915055751800537
1,0.2197265625,2.290499448776245
2,0.2197265625,2.2881102561950684
3,0.2197265625,2.285632610321045
4,0.2197265625,2.2832396030426025
5,0.2197265625,2.281682014465332
6,0.2197265625,2.2801151275634766
7,0.2197265625,2.2794079780578613
8,0.2197265625,2.278529167175293
9,0.2197265625,2.2780022621154785
0,0.2275390625,2.2744503021240234
1,0.2275390625,2.272935152053833
2,0.2275390625,2.2705650329589844
3,0.2275390625,2.2682833671569824
4,0.2275390625,2.2660036087036133
5,0.2275390625,2.264331817626953
6,0.2275390625,2.2631425857543945
7,0.2275390625,2.262169361114502
8,0.2275390625,2.2615931034088135
9,0.2275390625,2.261046886444092
0,0.2373046875,2.242286443710327
1,0.2373046875,2.241647958755493
2,0.2373046875,2.240442991256714
3,0.2373046875,2.239074230194092
4,0.2373046875,2.237680435180664
5,0.2373046875,2.236605167388916
6,0.2373046875,2.2358152866363525
7,0.2373046875,2.2352519035339355
8,0.2373046875,2.2349853515625
9,0.2373046875,2.2344439029693604
0,0.2265625,2.2813944816589355
1,0.2265625,2.280623435974121
2,0.2265625,2.2798619270324707
3,0.2265625,2.278589963912964
4,0.2265625,2.2779457569122314
5,0.2265625,2.2771964073181152
6,0.2265625,2.2765109539031982
7,0.2265625,2.276045799255371
8,0.2265625,2.2757208347320557
9,0.2265625,2.275688409805298
0,0.2216796875,2.2926836013793945
1,0.2216796875,2.291734218597412
2,0.2216796875,2.2904396057128906
3,0.2216796875,2.2891693115234375
4,0.2216796875,2.287804365158081
5,0.2216796875,2.2869997024536133
6,0.2216796875,2.286473274230957
7,0.2216796875,2.2857816219329834
8,0.2216796875,2.28554368019104
9,0.2216796875,2.285142660140991
0,0.234375,2.2839841842651367
1,0.234375,2.282982110977173
2,0.234375,2.2816717624664307
3,0.234375,2.280284881591797
4,0.234375,2.2790021896362305
5,0.234375,2.278264284133911
6,0.234375,2.2776033878326416
7,0.234375,2.276979923248291
8,0.234375,2.276547908782959
9,0.234375,2.2762413024902344
0,0.2373046875,2.2420225143432617
1,0.2373046875,2.2408721446990967
2,0.2373046875,2.239013433456421
3,0.2373046875,2.2375035285949707
4,0.2373046875,2.235386610031128
5,0.2373046875,2.233966827392578
6,0.2373046875,2.232870101928711
7,0.2373046875,2.2320773601531982
8,0.2373046875,2.231228828430176
9,0.2373046875,2.230713129043579
0,0.2236328125,2.302651882171631
1,0.2236328125,2.3019895553588867
2,0.2236328125,2.3002099990844727
3,0.2236328125,2.2985196113586426
4,0.2236328125,2.296715259552002
5,0.2236328125,2.2951791286468506
6,0.2236328125,2.294238567352295
7,0.2236328125,2.293276786804199
8,0.2236328125,2.2927589416503906
9,0.2236328125,2.2922511100769043
0,0.22265625,2.283731698989868
1,0.22265625,2.2831623554229736
2,0.22265625,2.2825117111206055
3,0.22265625,2.2819511890411377
4,0.22265625,2.2811923027038574
5,0.22265625,2.2807528972625732
6,0.22265625,2.2805027961730957
7,0.22265625,2.2801268100738525
8,0.22265625,2.279865026473999
9,0.22265625,2.2797250747680664
0,0.2353515625,2.292729377746582
1,0.2353515625,2.2916598320007324
2,0.2353515625,2.290149688720703
3,0.2353515625,2.2890336513519287
4,0.2353515625,2.287532329559326
5,0.2353515625,2.2864880561828613
6,0.2353515625,2.2862181663513184
7,0.2353515625,2.285465955734253
8,0.2353515625,2.2853288650512695
9,0.2353515625,2.2852513790130615
0,0.220703125,2.2649612426757812
1,0.220703125,2.263392925262451
2,0.220703125,2.260847568511963
3,0.220703125,2.2584829330444336
4,0.220703125,2.2566466331481934
5,0.220703125,2.254887580871582
6,0.220703125,2.2539358139038086
7,0.220703125,2.253279447555542
8,0.220703125,2.252894401550293
9,0.220703125,2.2527496814727783
0,0.236328125,2.2429518699645996
1,0.236328125,2.242445945739746
2,0.236328125,2.2414400577545166
3,0.236328125,2.2406272888183594
4,0.236328125,2.2398834228515625
5,0.236328125,2.2392306327819824
6,0.236328125,2.238960027694702
7,0.236328125,2.238853693008423
8,0.236328125,2.2383675575256348
9,0.236328125,2.238239288330078
0,0.2294921875,2.249843120574951
1,0.2294921875,2.249420166015625
2,0.2294921875,2.2488667964935303
3,0.2294921875,2.248026132583618
4,0.2294921875,2.247483253479004
5,0.2294921875,2.2470200061798096
6,0.2294921875,2.2464237213134766
7,0.2294921875,2.2461628913879395
8,0.2294921875,2.2460131645202637
9,0.2294921875,2.245558977127075
0,0.228515625,2.2700538635253906
1,0.228515625,2.2691996097564697
2,0.228515625,2.267780303955078
3,0.228515625,2.266291618347168
4,0.228515625,2.265141010284424
5,0.228515625,2.264279365539551
6,0.228515625,2.2637505531311035
7,0.228515625,2.2632155418395996
8,0.228515625,2.2629361152648926
9,0.228515625,2.2626466751098633
0,0.2294921875,2.2813262939453125
1,0.2294921875,2.2805519104003906
2,0.2294921875,2.279538869857788
3,0.2294921875,2.2784862518310547
4,0.2294921875,2.277503490447998
5,0.2294921875,2.276611328125
6,0.2294921875,2.2760608196258545
7,0.2294921875,2.2755494117736816
8,0.2294921875,2.2753896713256836
9,0.2294921875,2.275259256362915
0,0.2353515625,2.2596678733825684
1,0.2353515625,2.258007526397705
2,0.2353515625,2.255786895751953
3,0.2353515625,2.2534427642822266
4,0.2353515625,2.2519969940185547
5,0.2353515625,2.2501955032348633
6,0.2353515625,2.2496471405029297
7,0.2353515625,2.2489662170410156
8,0.2353515625,2.248595714569092
9,0.2353515625,2.2485694885253906
0,0.2177734375,2.274263858795166
1,0.2177734375,2.272963762283325
2,0.2177734375,2.270387649536133
3,0.2177734375,2.2678768634796143
4,0.2177734375,2.265838146209717
5,0.2177734375,2.2638144493103027
6,0.2177734375,2.262763023376465
7,0.2177734375,2.262071371078491
8,0.2177734375,2.26151180267334
9,0.2177734375,2.261274814605713
0,0.2294921875,2.2701377868652344
1,0.2294921875,2.2689285278320312
2,0.2294921875,2.2666947841644287
3,0.2294921875,2.2645444869995117
4,0.2294921875,2.262956380844116
5,0.2294921875,2.261821985244751
6,0.2294921875,2.260563850402832
7,0.2294921875,2.2597908973693848
8,0.2294921875,2.2590863704681396
9,0.2294921875,2.258819103240967
0,0.2529296875,2.2420883178710938
1,0.2529296875,2.2408862113952637
2,0.2529296875,2.2388534545898438
3,0.2529296875,2.2368414402008057
4,0.2529296875,2.235570192337036
5,0.2529296875,2.234158515930176
6,0.2529296875,2.233225107192993
7,0.2529296875,2.2326035499572754
8,0.2529296875,2.2319698333740234
9,0.2529296875,2.2316267490386963
0,0.232421875,2.266066551208496
1,0.232421875,2.2653746604919434
2,0.232421875,2.264458179473877
3,0.232421875,2.263700008392334
4,0.232421875,2.2627570629119873
5,0.232421875,2.2621512413024902
6,0.232421875,2.2617905139923096
7,0.232421875,2.2614426612854004
8,0.232421875,2.261213541030884
9,0.232421875,2.2610278129577637
0,0.22265625,2.2605409622192383
1,0.22265625,2.2597920894622803
2,0.22265625,2.259155511856079
3,0.22265625,2.2581980228424072
4,0.22265625,2.2575788497924805
5,0.22265625,2.256699562072754
6,0.22265625,2.2561769485473633
7,0.22265625,2.2559890747070312
8,0.22265625,2.2555882930755615
9,0.22265625,2.255419969558716
0,0.2109375,2.270742416381836
1,0.2109375,2.2703332901000977
2,0.2109375,2.269493818283081
3,0.2109375,2.2685494422912598
4,0.2109375,2.2676475048065186
5,0.2109375,2.2669427394866943
6,0.2109375,2.2664384841918945
7,0.2109375,2.2659690380096436
8,0.2109375,2.2655954360961914
9,0.2109375,2.265444755554199
0,0.20703125,2.245396614074707
1,0.20703125,2.2441015243530273
2,0.20703125,2.2420573234558105
3,0.20703125,2.239865779876709
4,0.20703125,2.2388906478881836
5,0.20703125,2.237527847290039
6,0.2109375,2.2369606494903564
7,0.2109375,2.236572742462158
8,0.2109375,2.23618221282959
9,0.2109375,2.235903739929199
0,0.1875,2.258737564086914
1,0.1796875,2.2574496269226074
2,0.228515625,2.2551674842834473
3,0.228515625,2.2532448768615723
4,0.228515625,2.2519426345825195
5,0.228515625,2.2509894371032715
6,0.228515625,2.2503371238708496
7,0.228515625,2.249993085861206
8,0.228515625,2.2496297359466553
9,0.228515625,2.249380350112915
0,0.2275390625,2.2373859882354736
1,0.2275390625,2.237016439437866
2,0.2275390625,2.2364625930786133
3,0.2275390625,2.235841751098633
4,0.2275390625,2.2353315353393555
5,0.2275390625,2.2348523139953613
6,0.2275390625,2.2343952655792236
7,0.2275390625,2.234191417694092
8,0.2275390625,2.2339820861816406
9,0.2275390625,2.233595848083496
0,0.2197265625,2.2656030654907227
1,0.2197265625,2.2649765014648438
2,0.2197265625,2.264216661453247
3,0.2197265625,2.263003349304199
4,0.2197265625,2.262483596801758
5,0.2197265625,2.261831045150757
6,0.2197265625,2.2609505653381348
7,0.2197265625,2.2607076168060303
8,0.2197265625,2.2604470252990723
9,0.2197265625,2.2602672576904297
0,0.21875,2.2431581020355225
1,0.21875,2.2423083782196045
2,0.21875,2.24086332321167
3,0.21875,2.2389965057373047
4,0.21875,2.238351345062256
5,0.21875,2.2371864318847656
6,0.21875,2.236616849899292
7,0.21875,2.2361178398132324
8,0.21875,2.2359330654144287
9,0.21875,2.235653877258301
0,0.23828125,2.2396903038024902
1,0.23828125,2.238267183303833
2,0.23828125,2.236448287963867
3,0.23828125,2.233938694000244
4,0.23828125,2.232851028442383
5,0.23828125,2.2314035892486572
6,0.23828125,2.230482816696167
7,0.23828125,2.23006010055542
8,0.23828125,2.2294416427612305
9,0.23828125,2.2293105125427246
0,0.2373046875,2.2716054916381836
1,0.2373046875,2.270383358001709
2,0.2373046875,2.2684710025787354
3,0.2373046875,2.266230344772339
4,0.2373046875,2.264416217803955
5,0.2373046875,2.2627623081207275
6,0.2373046875,2.261598825454712
7,0.2373046875,2.260596513748169
8,0.2373046875,2.2600460052490234
9,0.2373046875,2.2597267627716064
0,0.2099609375,2.254830837249756
1,0.2099609375,2.253275156021118
2,0.2099609375,2.251477003097534
3,0.2099609375,2.249408006668091
4,0.2099609375,2.2480599880218506
5,0.2099609375,2.2468957901000977
6,0.2099609375,2.2458512783050537
7,0.2099609375,2.245476245880127
8,0.2099609375,2.2451577186584473
9,0.2099609375,2.2448244094848633
0,0.203125,2.268864154815674
1,0.203125,2.267979621887207
2,0.203125,2.2666304111480713
3,0.203125,2.2650680541992188
4,0.203125,2.264103651046753
5,0.203125,2.2632079124450684
6,0.203125,2.2623579502105713
7,0.203125,2.2619330883026123
8,0.203125,2.2617101669311523
9,0.203125,2.2613067626953125
0,0.2001953125,2.2810614109039307
1,0.2001953125,2.280689001083374
2,0.2001953125,2.279985189437866
3,0.2001953125,2.278841495513916
4,0.2001953125,2.2778823375701904
5,0.2001953125,2.2769956588745117
6,0.2001953125,2.2765426635742188
7,0.2001953125,2.2759437561035156
8,0.2001953125,2.275766372680664
9,0.2001953125,2.275322914123535
0,0.2265625,2.2593204975128174
1,0.2265625,2.2584969997406006
2,0.2265625,2.256953716278076
3,0.2265625,2.255493402481079
4,0.2265625,2.254608154296875
5,0.2265625,2.2534542083740234
6,0.2265625,2.2525882720947266
7,0.2265625,2.2519450187683105
8,0.2265625,2.2515013217926025
9,0.2265625,2.2511353492736816
0,0.208984375,2.261630058288574
1,0.208984375,2.2609944343566895
2,0.208984375,2.259768009185791
3,0.208984375,2.2591471672058105
4,0.208984375,2.258509397506714
5,0.208984375,2.2579104900360107
6,0.208984375,2.2575643062591553
7,0.208984375,2.2574005126953125
8,0.208984375,2.257178783416748
9,0.208984375,2.2571616172790527
0,0.2236328125,2.2541582584381104
1,0.2236328125,2.253110885620117
2,0.2236328125,2.2514021396636963
3,0.2236328125,2.2499887943267822
4,0.2236328125,2.248246669769287
5,0.2236328125,2.247354507446289
6,0.2236328125,2.2464704513549805
7,0.2236328125,2.2462775707244873
8,0.2236328125,2.245551824569702
9,0.2236328125,2.2453372478485107
0,0.205078125,2.268928050994873
1,0.205078125,2.2678117752075195
2,0.205078125,2.2663650512695312
3,0.205078125,2.2649710178375244
4,0.205078125,2.263880968093872
5,0.205078125,2.2625324726104736
6,0.205078125,2.261869430541992
7,0.205078125,2.2611849308013916
8,0.205078125,2.2607827186584473
9,0.205078125,2.260326862335205
