epoch,accuracy,loss
0,0.095703125,75.26085662841797
1,0.111328125,28.130767822265625
2,0.1337890625,15.67280387878418
3,0.15625,9.171764373779297
4,0.150390625,6.30306339263916
5,0.1484375,4.690279006958008
6,0.177734375,3.908203363418579
7,0.162109375,3.6228854656219482
8,0.181640625,3.3086442947387695
9,0.1630859375,3.106872797012329
0,0.169921875,2.991177797317505
1,0.193359375,2.867021322250366
2,0.17578125,2.8085761070251465
3,0.1767578125,2.6808762550354004
4,0.19140625,2.744260311126709
5,0.181640625,2.595001697540283
6,0.19140625,2.5192983150482178
7,0.1923828125,2.536341667175293
8,0.1826171875,2.5112009048461914
9,0.1767578125,2.4955315589904785
0,0.1806640625,2.506166458129883
1,0.18359375,2.504568576812744
2,0.2021484375,2.4996283054351807
3,0.205078125,2.4840762615203857
4,0.2021484375,2.460592746734619
5,0.19921875,2.446821451187134
6,0.1953125,2.4372081756591797
7,0.2177734375,2.423832893371582
8,0.1923828125,2.44834041595459
9,0.2080078125,2.4207377433776855
0,0.189453125,2.429795742034912
1,0.1923828125,2.4154558181762695
2,0.19921875,2.4198720455169678
3,0.2080078125,2.421494483947754
4,0.203125,2.4113969802856445
5,0.2177734375,2.406710147857666
6,0.2021484375,2.393895149230957
7,0.193359375,2.4043033123016357
8,0.201171875,2.3945090770721436
9,0.19140625,2.387317419052124
0,0.203125,2.3898677825927734
1,0.2041015625,2.3861732482910156
2,0.2041015625,2.3879003524780273
3,0.2001953125,2.387761354446411
4,0.1982421875,2.394124984741211
5,0.20703125,2.377614736557007
6,0.2001953125,2.390657663345337
7,0.1953125,2.3766214847564697
8,0.19921875,2.385784387588501
9,0.2099609375,2.3783907890319824
0,0.2109375,2.3801522254943848
1,0.1953125,2.379693031311035
2,0.2001953125,2.3806240558624268
3,0.21875,2.3797426223754883
4,0.2041015625,2.3701722621917725
5,0.197265625,2.3707237243652344
6,0.2158203125,2.3682706356048584
7,0.2099609375,2.3572096824645996
8,0.21875,2.3614401817321777
9,0.2109375,2.354182481765747
0,0.208984375,2.3534412384033203
1,0.2158203125,2.3452072143554688
2,0.2109375,2.345808982849121
3,0.2099609375,2.3538858890533447
4,0.2138671875,2.3397722244262695
5,0.2177734375,2.3423688411712646
6,0.216796875,2.341928720474243
7,0.2158203125,2.3330178260803223
8,0.2158203125,2.343179225921631
9,0.2109375,2.335298776626587
0,0.2138671875,2.3343141078948975
1,0.2138671875,2.3386688232421875
2,0.2216796875,2.3313703536987305
3,0.2255859375,2.3278894424438477
4,0.2138671875,2.330984354019165
5,0.224609375,2.3250930309295654
6,0.2216796875,2.3255724906921387
7,0.22265625,2.328946590423584
8,0.2138671875,2.3334622383117676
9,0.2197265625,2.324284553527832
0,0.2490234375,2.3085227012634277
1,0.251953125,2.303262710571289
2,0.24609375,2.3110899925231934
3,0.2509765625,2.3116872310638428
4,0.2509765625,2.3029208183288574
5,0.25390625,2.29895281791687
6,0.248046875,2.3002243041992188
7,0.2548828125,2.30087947845459
8,0.251953125,2.2937726974487305
9,0.2548828125,2.3066325187683105
0,0.2099609375,2.307926893234253
1,0.208984375,2.304823398590088
2,0.208984375,2.3044915199279785
3,0.2138671875,2.3052141666412354
4,0.2060546875,2.3035545349121094
5,0.203125,2.3017680644989014
6,0.2060546875,2.308307647705078
7,0.20703125,2.2990102767944336
8,0.2138671875,2.2977614402770996
9,0.2060546875,2.296769857406616
0,0.2138671875,2.2986016273498535
1,0.212890625,2.3006057739257812
2,0.21484375,2.293801784515381
3,0.234375,2.297105073928833
4,0.2197265625,2.300231695175171
5,0.2158203125,2.301692247390747
6,0.22265625,2.2937331199645996
7,0.220703125,2.2983036041259766
8,0.2177734375,2.295044422149658
9,0.2080078125,2.2931089401245117
0,0.23046875,2.274223566055298
1,0.232421875,2.269354820251465
2,0.2314453125,2.272263288497925
3,0.234375,2.264105796813965
4,0.2314453125,2.2660751342773438
5,0.232421875,2.279733657836914
6,0.2275390625,2.272797107696533
7,0.2314453125,2.262692451477051
8,0.2333984375,2.2606005668640137
9,0.2314453125,2.2610373497009277
0,0.2255859375,2.270228624343872
1,0.22265625,2.267974376678467
2,0.216796875,2.2786965370178223
3,0.22265625,2.2679882049560547
4,0.21484375,2.2656450271606445
5,0.22265625,2.262510299682617
6,0.22265625,2.262808322906494
7,0.2177734375,2.263760805130005
8,0.21875,2.2628870010375977
9,0.224609375,2.2559313774108887
0,0.1865234375,2.2566378116607666
1,0.197265625,2.2560105323791504
2,0.1787109375,2.2552998065948486
3,0.18359375,2.2557692527770996
4,0.193359375,2.25239896774292
5,0.1865234375,2.256103515625
6,0.205078125,2.251743793487549
7,0.1865234375,2.2462005615234375
8,0.1904296875,2.250814914703369
9,0.189453125,2.2484359741210938
0,0.1943359375,2.275031805038452
1,0.19140625,2.282442092895508
2,0.1923828125,2.274291515350342
3,0.1982421875,2.2720606327056885
4,0.1875,2.272575855255127
5,0.193359375,2.269777297973633
6,0.1865234375,2.2718048095703125
7,0.19140625,2.2749781608581543
8,0.1875,2.275984048843384
9,0.1904296875,2.2767486572265625
0,0.208984375,2.2707056999206543
1,0.1865234375,2.2629659175872803
2,0.1943359375,2.2789065837860107
3,0.193359375,2.2605199813842773
4,0.1806640625,2.268515110015869
5,0.1845703125,2.25985050201416
6,0.185546875,2.263153076171875
7,0.1865234375,2.26391863822937
8,0.1884765625,2.2609920501708984
9,0.2001953125,2.2563138008117676
0,0.2109375,2.233518362045288
1,0.205078125,2.238823890686035
2,0.2021484375,2.233940839767456
3,0.2216796875,2.227996349334717
4,0.2158203125,2.2297043800354004
5,0.2216796875,2.230443239212036
6,0.20703125,2.231389284133911
7,0.2216796875,2.2378687858581543
8,0.216796875,2.2216782569885254
9,0.2255859375,2.2237658500671387
0,0.2060546875,2.2483913898468018
1,0.1904296875,2.2471389770507812
2,0.1826171875,2.252105951309204
3,0.205078125,2.2461435794830322
4,0.1923828125,2.2395191192626953
5,0.1806640625,2.246856212615967
6,0.21484375,2.245276689529419
7,0.19921875,2.239830493927002
8,0.1943359375,2.246065139770508
9,0.1953125,2.251620054244995
0,0.2060546875,2.259481906890869
1,0.193359375,2.264624834060669
2,0.1845703125,2.2513232231140137
3,0.1875,2.251195192337036
4,0.2060546875,2.2399039268493652
5,0.193359375,2.250709056854248
6,0.189453125,2.268604040145874
7,0.1962890625,2.2539148330688477
8,0.18359375,2.252180576324463
9,0.1943359375,2.2529168128967285
0,0.193359375,2.23214054107666
1,0.1982421875,2.231074810028076
2,0.1884765625,2.2282538414001465
3,0.201171875,2.2289159297943115
4,0.2197265625,2.2388358116149902
5,0.216796875,2.236290693283081
6,0.1865234375,2.239633083343506
7,0.208984375,2.2253456115722656
8,0.2041015625,2.2206902503967285
9,0.19921875,2.228109836578369
0,0.205078125,2.205275058746338
1,0.2080078125,2.21199369430542
2,0.1865234375,2.2123019695281982
3,0.2099609375,2.199327230453491
4,0.203125,2.19925594329834
5,0.1982421875,2.2031056880950928
6,0.189453125,2.1980578899383545
7,0.203125,2.1934680938720703
8,0.1943359375,2.196552276611328
9,0.212890625,2.189314842224121
0,0.24609375,2.1929774284362793
1,0.2373046875,2.2310636043548584
2,0.2099609375,2.195674419403076
3,0.205078125,2.187981605529785
4,0.224609375,2.2027323246002197
5,0.2236328125,2.2444519996643066
6,0.2109375,2.1816530227661133
7,0.2255859375,2.171907424926758
8,0.20703125,2.1877365112304688
9,0.2177734375,2.171651601791382
0,0.201171875,2.227078437805176
1,0.212890625,2.231532335281372
2,0.193359375,2.2491133213043213
3,0.20703125,2.2419052124023438
4,0.2021484375,2.247605323791504
5,0.1943359375,2.2403390407562256
6,0.1923828125,2.2326974868774414
7,0.2021484375,2.244236469268799
8,0.2060546875,2.2328476905822754
9,0.1943359375,2.234866142272949
0,0.2001953125,2.214114189147949
1,0.228515625,2.215287685394287
2,0.232421875,2.229680299758911
3,0.2109375,2.207367420196533
4,0.1884765625,2.2147810459136963
5,0.2041015625,2.22294545173645
6,0.2041015625,2.2012906074523926
7,0.212890625,2.201786518096924
8,0.21484375,2.213855743408203
9,0.2255859375,2.2448573112487793
0,0.23046875,2.210435390472412
1,0.2255859375,2.2133724689483643
2,0.2216796875,2.232100248336792
3,0.2275390625,2.196694850921631
4,0.228515625,2.2060513496398926
5,0.2109375,2.19781231880188
6,0.2109375,2.204928398132324
7,0.220703125,2.1875617504119873
8,0.220703125,2.200648069381714
9,0.21484375,2.208315849304199
0,0.1845703125,2.214416265487671
1,0.1845703125,2.207266330718994
2,0.2158203125,2.217179536819458
3,0.224609375,2.2231998443603516
4,0.21875,2.237210750579834
5,0.205078125,2.2057044506073
6,0.19921875,2.204848289489746
7,0.1962890625,2.2088184356689453
8,0.1796875,2.208944320678711
9,0.2099609375,2.1988940238952637
0,0.24609375,2.1516592502593994
1,0.23828125,2.1524055004119873
2,0.234375,2.142582654953003
3,0.248046875,2.1453301906585693
4,0.2412109375,2.1381020545959473
5,0.2412109375,2.1351780891418457
6,0.22265625,2.1493148803710938
7,0.24609375,2.1344056129455566
8,0.228515625,2.146732807159424
9,0.2265625,2.1635401248931885
0,0.212890625,2.2521109580993652
1,0.2099609375,2.248323678970337
2,0.21484375,2.208216905593872
3,0.2236328125,2.212977886199951
4,0.2138671875,2.206437587738037
5,0.2021484375,2.1973671913146973
6,0.2080078125,2.199603796005249
7,0.2119140625,2.2084896564483643
8,0.2119140625,2.235224485397339
9,0.2216796875,2.2404720783233643
0,0.24609375,2.2070651054382324
1,0.240234375,2.2097854614257812
2,0.224609375,2.1682188510894775
3,0.2216796875,2.1544551849365234
4,0.228515625,2.1547107696533203
5,0.23828125,2.1639039516448975
6,0.234375,2.1589720249176025
7,0.205078125,2.1676270961761475
8,0.2158203125,2.1514954566955566
9,0.2197265625,2.152761459350586
0,0.2119140625,2.153888463973999
1,0.2197265625,2.152163505554199
2,0.21484375,2.1433260440826416
3,0.23828125,2.1503124237060547
4,0.22265625,2.139756441116333
5,0.2255859375,2.1480178833007812
6,0.224609375,2.139415740966797
7,0.21875,2.1429083347320557
8,0.2275390625,2.139167070388794
9,0.2255859375,2.148873805999756
0,0.20703125,2.2380619049072266
1,0.205078125,2.2424979209899902
2,0.21484375,2.2557828426361084
3,0.220703125,2.1968085765838623
4,0.216796875,2.1673853397369385
5,0.2275390625,2.174830198287964
6,0.22265625,2.170588970184326
7,0.2216796875,2.173985481262207
8,0.2255859375,2.1643948554992676
9,0.2236328125,2.1653127670288086
0,0.2265625,2.1712565422058105
1,0.23046875,2.1840031147003174
2,0.2177734375,2.1732091903686523
3,0.2158203125,2.1661081314086914
4,0.224609375,2.1633567810058594
5,0.21875,2.1576058864593506
6,0.220703125,2.1540348529815674
7,0.220703125,2.1567373275756836
8,0.2509765625,2.158989429473877
9,0.21875,2.1660659313201904
0,0.232421875,2.1518802642822266
1,0.21875,2.131760835647583
2,0.228515625,2.1315479278564453
3,0.2275390625,2.1235251426696777
4,0.216796875,2.125462532043457
5,0.22265625,2.129359722137451
6,0.2265625,2.128490447998047
7,0.208984375,2.1471800804138184
8,0.2197265625,2.184314727783203
9,0.208984375,2.148826837539673
0,0.216796875,2.1972155570983887
1,0.2109375,2.1640820503234863
2,0.2158203125,2.172874927520752
3,0.2138671875,2.164632797241211
4,0.2138671875,2.232936382293701
5,0.21484375,2.216890335083008
6,0.2216796875,2.178976535797119
7,0.2197265625,2.177043914794922
8,0.21875,2.187769889831543
9,0.224609375,2.1648101806640625
0,0.20703125,2.154574394226074
1,0.2177734375,2.171727418899536
2,0.228515625,2.1445152759552
3,0.22265625,2.1540870666503906
4,0.212890625,2.174386978149414
5,0.2275390625,2.1406333446502686
6,0.23046875,2.13586688041687
7,0.224609375,2.1449930667877197
8,0.21484375,2.1339962482452393
9,0.2294921875,2.126096248626709
0,0.2109375,2.141350746154785
1,0.224609375,2.1368799209594727
2,0.22265625,2.1705543994903564
3,0.2177734375,2.156330108642578
4,0.2158203125,2.134218454360962
5,0.2265625,2.153632640838623
6,0.2236328125,2.1409850120544434
7,0.21484375,2.1414172649383545
8,0.2353515625,2.1448378562927246
9,0.2314453125,2.164430856704712
0,0.224609375,2.163280725479126
1,0.2255859375,2.165555000305176
2,0.234375,2.1571645736694336
3,0.2412109375,2.158881187438965
4,0.232421875,2.1613917350769043
5,0.21875,2.173863410949707
6,0.22265625,2.1529362201690674
7,0.20703125,2.1653881072998047
8,0.2236328125,2.1468770503997803
9,0.2451171875,2.1491713523864746
0,0.2412109375,2.1253552436828613
1,0.2333984375,2.128535747528076
2,0.2275390625,2.1199097633361816
3,0.224609375,2.113886833190918
4,0.2373046875,2.119473457336426
5,0.2138671875,2.132580280303955
6,0.21875,2.1195476055145264
7,0.224609375,2.14650297164917
8,0.2236328125,2.144789934158325
9,0.24609375,2.0885891914367676
0,0.2236328125,2.1670615673065186
1,0.21875,2.1730051040649414
2,0.197265625,2.186321258544922
3,0.2158203125,2.1640195846557617
4,0.1982421875,2.154449462890625
5,0.1923828125,2.1560850143432617
6,0.21484375,2.1691737174987793
7,0.2060546875,2.1675751209259033
8,0.216796875,2.1584761142730713
9,0.2158203125,2.140432119369507
0,0.216796875,2.214207410812378
1,0.2109375,2.2041635513305664
2,0.2041015625,2.22377610206604
3,0.2021484375,2.2547898292541504
4,0.1943359375,2.252183198928833
5,0.197265625,2.2270517349243164
6,0.2001953125,2.2353367805480957
7,0.1904296875,2.2678136825561523
8,0.201171875,2.1922554969787598
9,0.2158203125,2.205991744995117
0,0.236328125,2.20102858543396
1,0.2421875,2.184676170349121
2,0.251953125,2.1195333003997803
3,0.2197265625,2.114480972290039
4,0.2451171875,2.1300861835479736
5,0.2412109375,2.1084060668945312
6,0.23828125,2.1074986457824707
7,0.23046875,2.1009745597839355
8,0.2216796875,2.1027321815490723
9,0.244140625,2.1240170001983643
0,0.248046875,2.119213104248047
1,0.2373046875,2.1118087768554688
2,0.244140625,2.106053113937378
3,0.2412109375,2.1217904090881348
4,0.2333984375,2.124389410018921
5,0.2421875,2.106529712677002
6,0.244140625,2.112320899963379
7,0.2490234375,2.0898406505584717
8,0.2216796875,2.1020493507385254
9,0.2216796875,2.09879207611084
0,0.2373046875,2.07416033744812
1,0.2685546875,2.12433123588562
2,0.2705078125,2.070852279663086
3,0.2490234375,2.100705623626709
4,0.2509765625,2.0663809776306152
5,0.25390625,2.133343458175659
6,0.2587890625,2.065929889678955
7,0.244140625,2.069108486175537
8,0.251953125,2.067828893661499
9,0.2724609375,2.069017171859741
0,0.24609375,2.1356661319732666
1,0.2333984375,2.143881320953369
2,0.2421875,2.1220760345458984
3,0.2314453125,2.1196937561035156
4,0.224609375,2.1290054321289062
5,0.232421875,2.161041736602783
6,0.23828125,2.149343729019165
7,0.248046875,2.13655948638916
8,0.2431640625,2.14326810836792
9,0.2626953125,2.1251540184020996
0,0.2744140625,2.127082347869873
1,0.27734375,2.0741968154907227
2,0.2822265625,2.067732334136963
3,0.2587890625,2.062082290649414
4,0.2744140625,2.0597989559173584
5,0.2734375,2.0849931240081787
6,0.2646484375,2.0462019443511963
7,0.2587890625,2.045807123184204
8,0.2724609375,2.0488486289978027
9,0.2802734375,2.0611817836761475
0,0.2685546875,2.079911470413208
1,0.259765625,2.1171178817749023
2,0.240234375,2.0788068771362305
3,0.2509765625,2.0762743949890137
4,0.2607421875,2.0900697708129883
5,0.2587890625,2.0722358226776123
6,0.26953125,2.0703277587890625
7,0.2626953125,2.1340622901916504
8,0.255859375,2.071455478668213
9,0.251953125,2.0440328121185303
0,0.2587890625,2.0634143352508545
1,0.275390625,2.0360610485076904
2,0.26171875,2.0434205532073975
3,0.2880859375,2.0741052627563477
4,0.2734375,2.0843982696533203
5,0.2568359375,2.022632122039795
6,0.26171875,2.0146071910858154
7,0.259765625,2.0728354454040527
8,0.271484375,2.031158208847046
9,0.27734375,2.0200088024139404
0,0.251953125,2.1110692024230957
1,0.2529296875,2.1145079135894775
2,0.2314453125,2.099458694458008
3,0.2509765625,2.0703747272491455
4,0.251953125,2.078312873840332
5,0.2548828125,2.076758861541748
6,0.255859375,2.0819854736328125
7,0.255859375,2.05849552154541
8,0.26171875,2.06864595413208
9,0.240234375,2.077131509780884
0,0.2509765625,2.11015248298645
1,0.2470703125,2.0676188468933105
2,0.2587890625,2.0918688774108887
3,0.232421875,2.0672426223754883
4,0.2744140625,2.088104724884033
5,0.2587890625,2.072746992111206
6,0.2685546875,2.0497865676879883
7,0.27734375,2.052549123764038
8,0.259765625,2.0733656883239746
9,0.26953125,2.0602807998657227
0,0.275390625,2.054810047149658
1,0.28125,2.0266366004943848
2,0.2861328125,2.054783821105957
3,0.2724609375,2.0222132205963135
4,0.2783203125,1.9987996816635132
5,0.2919921875,2.0068628787994385
6,0.29296875,2.024177074432373
7,0.2861328125,2.010589838027954
8,0.26953125,2.0074965953826904
9,0.2783203125,1.9937841892242432
0,0.287109375,2.0220348834991455
1,0.2802734375,2.011392831802368
2,0.28125,2.0311856269836426
3,0.2705078125,2.0263259410858154
4,0.2880859375,1.995553731918335
5,0.2763671875,2.0146660804748535
6,0.28515625,1.9705277681350708
7,0.2958984375,1.96270751953125
8,0.28125,1.9796481132507324
9,0.2958984375,1.9685790538787842
0,0.3037109375,1.9676721096038818
1,0.2890625,1.9806455373764038
2,0.2939453125,1.9725587368011475
3,0.3076171875,1.9484915733337402
4,0.2978515625,1.964956283569336
5,0.3154296875,1.959052324295044
6,0.2958984375,1.9814528226852417
7,0.314453125,1.959059476852417
8,0.3115234375,1.9751489162445068
9,0.294921875,1.9575881958007812
0,0.28125,2.0196120738983154
1,0.2880859375,2.0266921520233154
2,0.287109375,1.9940102100372314
3,0.2958984375,1.9928414821624756
4,0.3076171875,1.974708080291748
5,0.298828125,1.9946892261505127
6,0.3046875,1.984386920928955
7,0.296875,1.9964488744735718
8,0.3193359375,1.9768739938735962
9,0.3017578125,1.9887266159057617
0,0.2685546875,2.0158095359802246
1,0.259765625,2.023926019668579
2,0.28125,1.9927072525024414
3,0.27734375,1.998694658279419
4,0.2861328125,1.9970446825027466
5,0.2685546875,2.003477096557617
6,0.28515625,2.0148208141326904
7,0.287109375,1.9939135313034058
8,0.28515625,1.9717937707901
9,0.2978515625,1.9721498489379883
0,0.279296875,1.99785578250885
1,0.27734375,2.0142178535461426
2,0.287109375,1.9835209846496582
3,0.291015625,1.98801851272583
4,0.2900390625,1.9963287115097046
5,0.2763671875,1.984660267829895
6,0.2958984375,1.9876182079315186
7,0.298828125,1.9605313539505005
8,0.287109375,1.9710075855255127
9,0.2978515625,1.9710118770599365
0,0.306640625,1.989866018295288
1,0.2998046875,2.010613441467285
2,0.30078125,1.9610048532485962
3,0.3046875,1.9706904888153076
4,0.2998046875,1.9712910652160645
5,0.296875,1.9742883443832397
6,0.2958984375,1.9895000457763672
7,0.2978515625,1.965544581413269
8,0.3154296875,1.9536274671554565
9,0.306640625,1.9833869934082031
0,0.32421875,1.9334276914596558
1,0.3330078125,1.917754054069519
2,0.328125,1.949095606803894
3,0.314453125,1.984444499015808
4,0.3134765625,1.9541075229644775
5,0.326171875,1.939781904220581
6,0.3359375,1.9090663194656372
7,0.3251953125,1.9189889430999756
8,0.3251953125,1.917680025100708
9,0.33203125,1.9080076217651367
0,0.2958984375,1.9576534032821655
1,0.3017578125,1.959996223449707
2,0.3017578125,1.9421555995941162
3,0.28515625,1.9586913585662842
4,0.3173828125,1.934324860572815
5,0.294921875,1.9265828132629395
6,0.298828125,1.9179472923278809
7,0.298828125,1.9368739128112793
8,0.3037109375,1.932974100112915
9,0.2958984375,1.9790998697280884
0,0.2978515625,1.9669036865234375
1,0.3095703125,1.9497675895690918
2,0.3056640625,1.9466526508331299
3,0.298828125,1.9374326467514038
4,0.314453125,1.934617280960083
5,0.3154296875,1.9089555740356445
6,0.310546875,1.9190140962600708
7,0.30859375,1.9013381004333496
8,0.3076171875,1.8998515605926514
9,0.31640625,1.9102652072906494
0,0.3251953125,1.9293372631072998
1,0.306640625,1.9373842477798462
2,0.3017578125,1.941074013710022
3,0.2998046875,1.9335488080978394
4,0.31640625,1.9237533807754517
5,0.3095703125,1.9343270063400269
6,0.3232421875,1.91017484664917
7,0.310546875,1.9295592308044434
8,0.3173828125,1.915048360824585
9,0.3115234375,1.9000275135040283
0,0.306640625,1.915662407875061
1,0.310546875,1.9198132753372192
2,0.302734375,1.9272717237472534
3,0.3046875,1.8896536827087402
4,0.3076171875,1.8865870237350464
5,0.3115234375,1.8756104707717896
6,0.3134765625,1.9031814336776733
7,0.3095703125,1.875612735748291
8,0.3076171875,1.8947995901107788
9,0.310546875,1.8955234289169312
0,0.30078125,1.9151923656463623
1,0.3046875,1.9252803325653076
2,0.3037109375,1.9179177284240723
3,0.291015625,1.9618372917175293
4,0.2978515625,1.9418809413909912
5,0.294921875,1.902840256690979
6,0.31640625,1.914402961730957
7,0.310546875,1.8955163955688477
8,0.3134765625,1.9077658653259277
9,0.306640625,1.9127451181411743
0,0.2744140625,2.051252841949463
1,0.2724609375,2.0446457862854004
2,0.2841796875,2.0215890407562256
3,0.2783203125,2.035177230834961
4,0.283203125,2.0435690879821777
5,0.28515625,2.00982928276062
6,0.2861328125,1.9937114715576172
7,0.28515625,1.9951802492141724
8,0.287109375,2.006051540374756
9,0.2880859375,1.9860084056854248
0,0.2890625,1.9670382738113403
1,0.2939453125,1.9455809593200684
2,0.291015625,1.941333532333374
3,0.2900390625,1.9509738683700562
4,0.291015625,1.9451961517333984
5,0.29296875,1.9351849555969238
6,0.2939453125,1.9152401685714722
7,0.2978515625,1.9203197956085205
8,0.28125,1.9166618585586548
9,0.3046875,1.8944952487945557
0,0.3154296875,1.8885490894317627
1,0.2998046875,1.919754981994629
2,0.3173828125,1.9141794443130493
3,0.2998046875,1.9015252590179443
4,0.3115234375,1.9155080318450928
5,0.34375,1.8741393089294434
6,0.3232421875,1.8691989183425903
7,0.3251953125,1.8647655248641968
8,0.3291015625,1.876747727394104
9,0.314453125,1.8479543924331665
0,0.3271484375,1.873256802558899
1,0.294921875,1.8735407590866089
2,0.33203125,1.873307466506958
3,0.314453125,1.8630754947662354
4,0.314453125,1.8733878135681152
5,0.3125,1.8402752876281738
6,0.3330078125,1.839664101600647
7,0.306640625,1.8301447629928589
8,0.326171875,1.8325554132461548
9,0.314453125,1.8183234930038452
0,0.298828125,1.9083011150360107
1,0.30078125,1.914771556854248
2,0.3095703125,1.9054092168807983
3,0.2998046875,1.891839861869812
4,0.3037109375,1.918808102607727
5,0.3115234375,1.8932771682739258
6,0.3193359375,1.8722522258758545
7,0.3056640625,1.8849793672561646
8,0.3115234375,1.8608362674713135
9,0.3095703125,1.8497744798660278
0,0.3134765625,1.907646894454956
1,0.302734375,1.8974928855895996
2,0.3193359375,1.8875432014465332
3,0.31640625,1.8613255023956299
4,0.3173828125,1.8919098377227783
5,0.322265625,1.865607738494873
6,0.32421875,1.8841116428375244
7,0.318359375,1.8518099784851074
8,0.3076171875,1.8367620706558228
9,0.322265625,1.8421318531036377
0,0.31640625,1.9639724493026733
1,0.2978515625,1.926363468170166
2,0.3076171875,1.93104887008667
3,0.298828125,1.9381262063980103
4,0.291015625,1.9266711473464966
5,0.296875,1.9178677797317505
6,0.306640625,1.8981446027755737
7,0.3076171875,1.90543794631958
8,0.3037109375,1.8953142166137695
9,0.3212890625,1.8887302875518799
0,0.3056640625,1.8903206586837769
1,0.2783203125,1.8827749490737915
2,0.3037109375,1.9136451482772827
3,0.3232421875,1.8638982772827148
4,0.2958984375,1.8780113458633423
5,0.302734375,1.882063865661621
6,0.296875,1.8797690868377686
7,0.3076171875,1.8797919750213623
8,0.302734375,1.8509901762008667
9,0.3037109375,1.8378180265426636
0,0.3212890625,1.8867437839508057
1,0.3154296875,1.8665841817855835
2,0.302734375,1.8850877285003662
3,0.2958984375,1.8640358448028564
4,0.3056640625,1.848907709121704
5,0.30859375,1.8429553508758545
6,0.3203125,1.8406671285629272
7,0.3173828125,1.8361027240753174
8,0.310546875,1.823272705078125
9,0.310546875,1.8197250366210938
0,0.2998046875,1.8727385997772217
1,0.3193359375,1.8686354160308838
2,0.32421875,1.8729238510131836
3,0.310546875,1.840906023979187
4,0.3310546875,1.855597734451294
5,0.2978515625,1.858802318572998
6,0.3173828125,1.8622958660125732
7,0.3251953125,1.8371915817260742
8,0.3203125,1.839296817779541
9,0.3291015625,1.8291985988616943
0,0.3271484375,1.8814748525619507
1,0.3291015625,1.856631875038147
2,0.3349609375,1.8571243286132812
3,0.337890625,1.8429996967315674
4,0.3427734375,1.8364375829696655
5,0.34375,1.8446601629257202
6,0.3369140625,1.8235092163085938
7,0.3388671875,1.8644001483917236
8,0.337890625,1.8473467826843262
9,0.3427734375,1.8266836404800415
0,0.2978515625,1.9020501375198364
1,0.3037109375,1.8771460056304932
2,0.30859375,1.8700799942016602
3,0.3056640625,1.8670214414596558
4,0.310546875,1.8549102544784546
5,0.3076171875,1.8571765422821045
6,0.3095703125,1.8656796216964722
7,0.302734375,1.8631491661071777
8,0.30078125,1.862938642501831
9,0.3125,1.877208948135376
0,0.3056640625,1.877956748008728
1,0.3134765625,1.8517650365829468
2,0.322265625,1.8470760583877563
3,0.3193359375,1.8241280317306519
4,0.3330078125,1.8414921760559082
5,0.3154296875,1.812821865081787
6,0.3388671875,1.8041058778762817
7,0.328125,1.8286799192428589
8,0.3349609375,1.8199794292449951
9,0.3125,1.818467140197754
0,0.29296875,1.894033670425415
1,0.2880859375,1.8741238117218018
2,0.28515625,1.8736988306045532
3,0.296875,1.8599638938903809
4,0.2998046875,1.8601083755493164
5,0.3046875,1.8481652736663818
6,0.302734375,1.8304476737976074
7,0.2939453125,1.8632941246032715
8,0.294921875,1.8469723463058472
9,0.302734375,1.8336131572723389
0,0.3173828125,1.8610079288482666
1,0.3212890625,1.8666001558303833
2,0.32421875,1.8303678035736084
3,0.318359375,1.8330894708633423
4,0.314453125,1.8361339569091797
5,0.3212890625,1.8201946020126343
6,0.3154296875,1.8157309293746948
7,0.3056640625,1.8059587478637695
8,0.3115234375,1.8385705947875977
9,0.3173828125,1.7974777221679688
0,0.310546875,1.8617665767669678
1,0.3251953125,1.850766658782959
2,0.3134765625,1.8625211715698242
3,0.310546875,1.8456416130065918
4,0.3232421875,1.831123948097229
5,0.3125,1.848074197769165
6,0.31640625,1.8394328355789185
7,0.3251953125,1.8164663314819336
8,0.326171875,1.8182659149169922
9,0.3232421875,1.8193297386169434
0,0.3388671875,1.8232553005218506
1,0.3466796875,1.8072913885116577
2,0.33984375,1.7948620319366455
3,0.3447265625,1.7895662784576416
4,0.337890625,1.790365219116211
5,0.3525390625,1.776071548461914
6,0.35546875,1.765181541442871
7,0.341796875,1.7737988233566284
8,0.3525390625,1.7664774656295776
9,0.353515625,1.7709680795669556
0,0.306640625,1.8651059865951538
1,0.3046875,1.853590726852417
2,0.318359375,1.8455135822296143
3,0.3095703125,1.8382070064544678
4,0.318359375,1.841820240020752
5,0.3076171875,1.823245882987976
6,0.30078125,1.8296940326690674
7,0.3193359375,1.8201392889022827
8,0.3193359375,1.8137176036834717
9,0.306640625,1.8132493495941162
0,0.2998046875,1.85709547996521
1,0.3056640625,1.866652488708496
2,0.31640625,1.841329574584961
3,0.328125,1.8297020196914673
4,0.3125,1.8134175539016724
5,0.3193359375,1.8291840553283691
6,0.326171875,1.8177160024642944
7,0.333984375,1.79537034034729
8,0.318359375,1.813908576965332
9,0.3134765625,1.7985455989837646
0,0.3251953125,1.8705968856811523
1,0.3232421875,1.8300179243087769
2,0.3203125,1.8240734338760376
3,0.3330078125,1.857118010520935
4,0.3251953125,1.8119263648986816
5,0.328125,1.8419182300567627
6,0.326171875,1.8116718530654907
7,0.3251953125,1.8091070652008057
8,0.3212890625,1.811820387840271
9,0.3154296875,1.7975273132324219
0,0.3154296875,1.876466989517212
1,0.322265625,1.8674399852752686
2,0.3095703125,1.8580089807510376
3,0.3134765625,1.86283540725708
4,0.3134765625,1.854939579963684
5,0.310546875,1.835913896560669
6,0.3203125,1.83049738407135
7,0.31640625,1.8405190706253052
8,0.326171875,1.8324073553085327
9,0.3134765625,1.8413305282592773
0,0.306640625,1.8476048707962036
1,0.3203125,1.819176435470581
2,0.3154296875,1.8237574100494385
3,0.3203125,1.8035593032836914
4,0.3212890625,1.7990587949752808
5,0.328125,1.7808090448379517
6,0.33203125,1.7973233461380005
7,0.3193359375,1.7971936464309692
8,0.3330078125,1.7927902936935425
9,0.33203125,1.7814141511917114
0,0.298828125,1.8650555610656738
1,0.3056640625,1.8461624383926392
2,0.3115234375,1.8566477298736572
3,0.3046875,1.8534224033355713
4,0.30078125,1.8681316375732422
5,0.3125,1.8219354152679443
6,0.306640625,1.8292415142059326
7,0.322265625,1.8215618133544922
8,0.3125,1.8145567178726196
9,0.298828125,1.8329098224639893
0,0.30859375,1.8113573789596558
1,0.30078125,1.8225079774856567
2,0.3095703125,1.820251703262329
3,0.3173828125,1.8051165342330933
4,0.32421875,1.8140408992767334
5,0.3291015625,1.7991225719451904
6,0.3271484375,1.7873703241348267
7,0.318359375,1.7889074087142944
8,0.333984375,1.7770198583602905
9,0.30859375,1.8134653568267822
0,0.3125,1.8518702983856201
1,0.314453125,1.8439279794692993
2,0.3193359375,1.8334935903549194
3,0.330078125,1.802452802658081
4,0.3349609375,1.8029322624206543
5,0.328125,1.798758864402771
6,0.3154296875,1.7856820821762085
7,0.341796875,1.7929309606552124
8,0.302734375,1.7928816080093384
9,0.328125,1.7970550060272217
0,0.3017578125,1.8090908527374268
1,0.318359375,1.7911607027053833
2,0.314453125,1.7789156436920166
3,0.31640625,1.7747712135314941
4,0.337890625,1.7529041767120361
5,0.330078125,1.74801766872406
6,0.3134765625,1.7322883605957031
7,0.328125,1.7381088733673096
8,0.3203125,1.7179455757141113
9,0.3359375,1.7327115535736084
0,0.302734375,1.8465454578399658
1,0.287109375,1.8509235382080078
2,0.3193359375,1.8644816875457764
3,0.2958984375,1.820450782775879
4,0.3046875,1.8172597885131836
5,0.2841796875,1.8234845399856567
6,0.2939453125,1.8057048320770264
7,0.3115234375,1.7945919036865234
8,0.3125,1.795231580734253
9,0.3310546875,1.791305422782898
0,0.33984375,1.8049068450927734
1,0.3486328125,1.7978062629699707
2,0.365234375,1.7783929109573364
3,0.337890625,1.765013337135315
4,0.33984375,1.7758328914642334
5,0.35546875,1.7639167308807373
6,0.3525390625,1.773378849029541
7,0.3662109375,1.7608282566070557
8,0.35546875,1.763085126876831
9,0.3779296875,1.7332855463027954
0,0.3203125,1.8450336456298828
1,0.3291015625,1.8511669635772705
2,0.314453125,1.8456496000289917
3,0.33203125,1.8070250749588013
4,0.3359375,1.8340489864349365
5,0.330078125,1.812800407409668
6,0.3388671875,1.80134916305542
7,0.330078125,1.8024356365203857
8,0.3330078125,1.7878412008285522
9,0.34375,1.7924938201904297
0,0.34375,1.8712821006774902
1,0.3193359375,1.884337306022644
2,0.333984375,1.8592703342437744
3,0.33984375,1.839332103729248
4,0.3330078125,1.8325574398040771
5,0.34375,1.827019453048706
6,0.3330078125,1.8257217407226562
7,0.3427734375,1.8405184745788574
8,0.333984375,1.80184006690979
9,0.3447265625,1.821357250213623
0,0.31640625,1.8623909950256348
1,0.3212890625,1.8170708417892456
2,0.3037109375,1.830641269683838
3,0.3154296875,1.8021693229675293
4,0.3310546875,1.8065330982208252
5,0.3251953125,1.8253085613250732
6,0.3291015625,1.7885355949401855
7,0.345703125,1.8024095296859741
8,0.3486328125,1.7695040702819824
9,0.3310546875,1.7614836692810059
0,0.314453125,1.8730183839797974
1,0.3037109375,1.8592848777770996
2,0.3291015625,1.84454345703125
3,0.3349609375,1.827558994293213
4,0.33984375,1.8238543272018433
5,0.3046875,1.8445782661437988
6,0.3310546875,1.807279348373413
7,0.328125,1.8021838665008545
8,0.3291015625,1.8155347108840942
9,0.3505859375,1.797125220298767
0,0.30078125,1.88863205909729
1,0.298828125,1.899766445159912
2,0.3212890625,1.8572132587432861
3,0.30859375,1.8806507587432861
4,0.302734375,1.8603520393371582
5,0.3212890625,1.8216581344604492
6,0.3251953125,1.8493636846542358
7,0.3076171875,1.8732529878616333
8,0.2998046875,1.871490240097046
9,0.310546875,1.8635964393615723
0,0.3173828125,1.862486720085144
1,0.345703125,1.7809333801269531
2,0.314453125,1.792659044265747
3,0.318359375,1.7896102666854858
4,0.326171875,1.8071272373199463
5,0.3232421875,1.7841192483901978
6,0.337890625,1.7790485620498657
7,0.3330078125,1.7769381999969482
8,0.3330078125,1.7594376802444458
9,0.3564453125,1.7781813144683838
0,0.3212890625,1.9018462896347046
1,0.32421875,1.8514889478683472
2,0.330078125,1.834181547164917
3,0.3134765625,1.8344570398330688
4,0.32421875,1.8126152753829956
5,0.3271484375,1.8221725225448608
6,0.3369140625,1.7957544326782227
7,0.3310546875,1.7961324453353882
8,0.322265625,1.8180696964263916
9,0.3369140625,1.7787330150604248
0,0.3603515625,1.796514630317688
1,0.3232421875,1.8124219179153442
2,0.3076171875,1.8174515962600708
3,0.328125,1.8059945106506348
4,0.341796875,1.7860318422317505
5,0.3447265625,1.7580652236938477
6,0.3525390625,1.735764741897583
7,0.3349609375,1.751938819885254
8,0.365234375,1.7381662130355835
9,0.3564453125,1.7662668228149414
0,0.32421875,1.8342256546020508
1,0.3271484375,1.8545582294464111
2,0.33203125,1.8071179389953613
3,0.330078125,1.821410059928894
4,0.3359375,1.8057568073272705
5,0.35546875,1.7873179912567139
6,0.375,1.7918455600738525
7,0.3671875,1.770934820175171
8,0.37109375,1.7978318929672241
9,0.3671875,1.7794814109802246
