epoch,accuracy,loss
0,0.10546875,3683.7763671875
1,0.1904296875,30.08336639404297
2,0.2109375,19.30071449279785
3,0.216796875,19.95777130126953
4,0.2119140625,22.27525520324707
5,0.2119140625,22.973176956176758
6,0.2119140625,22.839340209960938
7,0.21484375,22.820722579956055
8,0.212890625,22.838943481445312
9,0.2138671875,22.757587432861328
0,0.2177734375,22.104312896728516
1,0.2158203125,21.73274803161621
2,0.216796875,21.205520629882812
3,0.21875,21.383033752441406
4,0.21875,20.17693519592285
5,0.2177734375,19.84017562866211
6,0.216796875,19.38943862915039
7,0.216796875,19.031742095947266
8,0.216796875,19.631332397460938
9,0.2158203125,18.171409606933594
0,0.2265625,18.08769989013672
1,0.23046875,17.407350540161133
2,0.2294921875,17.065898895263672
3,0.2294921875,16.827638626098633
4,0.228515625,16.516748428344727
5,0.2294921875,17.372406005859375
6,0.2294921875,15.934501647949219
7,0.2294921875,15.615423202514648
8,0.2294921875,15.514204025268555
9,0.2294921875,15.342884063720703
0,0.2216796875,15.359926223754883
1,0.2216796875,14.754277229309082
2,0.2216796875,15.626605033874512
3,0.2216796875,14.41732120513916
4,0.2216796875,14.052163124084473
5,0.220703125,14.319256782531738
6,0.2216796875,13.792860984802246
7,0.2216796875,13.488605499267578
8,0.22265625,13.299673080444336
9,0.2216796875,14.0849609375
0,0.22265625,12.978155136108398
1,0.22265625,12.831888198852539
2,0.22265625,12.670026779174805
3,0.2236328125,12.52641487121582
4,0.22265625,12.430895805358887
5,0.2216796875,12.76435661315918
6,0.22265625,12.083917617797852
7,0.22265625,12.006427764892578
8,0.22265625,11.817981719970703
9,0.220703125,11.952041625976562
0,0.2265625,11.590911865234375
1,0.2265625,11.483611106872559
2,0.224609375,11.873411178588867
3,0.2255859375,11.24371337890625
4,0.2265625,11.400139808654785
5,0.2265625,11.086491584777832
6,0.2265625,10.963461875915527
7,0.2265625,10.845281600952148
8,0.2275390625,11.068120002746582
9,0.2265625,10.876548767089844
0,0.2294921875,10.766609191894531
1,0.228515625,10.441058158874512
2,0.228515625,10.377103805541992
3,0.228515625,10.256224632263184
4,0.228515625,10.165602684020996
5,0.228515625,10.078112602233887
6,0.228515625,9.993759155273438
7,0.228515625,9.962964057922363
8,0.228515625,9.830338478088379
9,0.228515625,9.793981552124023
0,0.2255859375,9.727913856506348
1,0.2265625,9.629902839660645
2,0.2265625,9.559455871582031
3,0.2265625,10.298172950744629
4,0.2265625,9.755853652954102
5,0.2265625,9.515125274658203
6,0.2255859375,9.500678062438965
7,0.2265625,9.270687103271484
8,0.2255859375,9.37769603729248
9,0.2265625,9.137161254882812
0,0.2626953125,9.032578468322754
1,0.2626953125,8.97563362121582
2,0.2626953125,9.111766815185547
3,0.26171875,8.912506103515625
4,0.263671875,8.787885665893555
5,0.2626953125,8.732975006103516
6,0.2626953125,8.677959442138672
7,0.26171875,9.35450267791748
8,0.2626953125,8.577659606933594
9,0.2626953125,8.535157203674316
0,0.212890625,8.553035736083984
1,0.212890625,8.552347183227539
2,0.212890625,8.4629487991333
3,0.212890625,8.556327819824219
4,0.212890625,8.376121520996094
5,0.212890625,8.327884674072266
6,0.212890625,8.275230407714844
7,0.212890625,8.225031852722168
8,0.212890625,8.17672061920166
9,0.212890625,8.235664367675781
0,0.21875,8.0977201461792
1,0.21875,8.05329418182373
2,0.21875,8.010879516601562
3,0.21875,7.9693403244018555
4,0.21875,7.929009914398193
5,0.21875,7.889132976531982
6,0.21875,7.850068092346191
7,0.21875,7.812044143676758
8,0.21875,7.774752140045166
9,0.21875,7.738189697265625
0,0.2373046875,7.658992767333984
1,0.236328125,7.720841884613037
2,0.2373046875,7.587507247924805
3,0.2373046875,7.551999568939209
4,0.2373046875,7.517365455627441
5,0.2373046875,7.4828901290893555
6,0.2373046875,7.472522735595703
7,0.2373046875,7.4880757331848145
8,0.236328125,7.385209083557129
9,0.2373046875,7.353667259216309
0,0.2255859375,7.3590803146362305
1,0.2255859375,7.318181991577148
2,0.2255859375,7.286659240722656
3,0.2255859375,7.255448341369629
4,0.2255859375,7.2243971824646
5,0.2255859375,7.237969398498535
6,0.2255859375,7.165523529052734
7,0.2255859375,7.137049674987793
8,0.2255859375,7.108957290649414
9,0.2255859375,7.08149528503418
0,0.2373046875,7.060894012451172
1,0.2373046875,7.044074058532715
2,0.2373046875,7.00430965423584
3,0.2373046875,6.982609748840332
4,0.2373046875,6.951450347900391
5,0.2373046875,6.931265830993652
6,0.2373046875,6.906028747558594
7,0.2373046875,6.879035472869873
8,0.2373046875,6.852088928222656
9,0.2373046875,6.826235294342041
0,0.212890625,6.865941524505615
1,0.212890625,6.840584754943848
2,0.212890625,6.814764976501465
3,0.2119140625,6.8354082107543945
4,0.212890625,6.768918514251709
5,0.212890625,6.746731758117676
6,0.212890625,6.720373153686523
7,0.212890625,6.6970367431640625
8,0.212890625,6.672991752624512
9,0.212890625,6.6498942375183105
0,0.19921875,6.627243518829346
1,0.19921875,6.604519844055176
2,0.19921875,6.581977367401123
3,0.19921875,6.559256553649902
4,0.19921875,6.555190086364746
5,0.19921875,6.520206451416016
6,0.19921875,6.502418041229248
7,0.19921875,6.481473445892334
8,0.19921875,6.459947109222412
9,0.19921875,6.438398838043213
0,0.2265625,6.393156051635742
1,0.2265625,6.675439834594727
2,0.2265625,6.353123664855957
3,0.2265625,6.462645053863525
4,0.2255859375,6.315736293792725
5,0.2265625,6.340732574462891
6,0.2265625,6.276026248931885
7,0.2265625,6.2573561668396
8,0.2265625,6.238950729370117
9,0.2265625,6.220298767089844
0,0.21875,6.237320899963379
1,0.21875,6.21819543838501
2,0.21875,6.198575973510742
3,0.21875,6.1790666580200195
4,0.21875,6.159912109375
5,0.21875,6.141051769256592
6,0.21875,6.122748851776123
7,0.21875,6.104676723480225
8,0.21875,6.087330341339111
9,0.21875,6.070316314697266
0,0.2138671875,6.065648078918457
1,0.2138671875,6.048995018005371
2,0.2138671875,6.031985282897949
3,0.2138671875,6.015569686889648
4,0.2138671875,5.998943328857422
5,0.2138671875,5.982605457305908
6,0.2138671875,5.96640682220459
7,0.2138671875,5.950600624084473
8,0.2138671875,5.9349212646484375
9,0.2138671875,5.919474124908447
0,0.234375,5.888543128967285
1,0.234375,5.872976303100586
2,0.234375,5.857443809509277
3,0.234375,5.841800689697266
4,0.234375,5.826331615447998
5,0.234375,5.811373710632324
6,0.234375,5.796231269836426
7,0.234375,5.781569957733154
8,0.234375,5.767360687255859
9,0.234375,5.753107070922852
0,0.2392578125,5.711520195007324
1,0.2392578125,5.697383880615234
2,0.2392578125,5.683476448059082
3,0.2392578125,5.669482707977295
4,0.2392578125,5.65528678894043
5,0.2392578125,5.68496036529541
6,0.2392578125,5.6278910636901855
7,0.2392578125,5.615332126617432
8,0.2392578125,5.603226661682129
9,0.2392578125,5.5907697677612305
0,0.248046875,5.58225154876709
1,0.248046875,5.568850040435791
2,0.248046875,5.554847240447998
3,0.248046875,5.5408782958984375
4,0.2470703125,5.572134017944336
5,0.248046875,5.515174865722656
6,0.248046875,5.5034871101379395
7,0.248046875,5.491005897521973
8,0.248046875,5.478178024291992
9,0.248046875,5.465379238128662
0,0.2099609375,5.526165962219238
1,0.2099609375,5.5118231773376465
2,0.208984375,6.8012495040893555
3,0.2099609375,5.7130584716796875
4,0.2099609375,5.71665096282959
5,0.2099609375,5.7295427322387695
6,0.2099609375,5.71282958984375
7,0.2099609375,5.717992782592773
8,0.2099609375,5.640701770782471
9,0.208984375,5.836315155029297
0,0.25,5.550410270690918
1,0.2490234375,5.729633331298828
2,0.25,5.498902320861816
3,0.25,5.478167533874512
4,0.25,5.458179473876953
5,0.25,5.438732147216797
6,0.25,5.878871440887451
7,0.25,5.404219150543213
8,0.25,5.3913750648498535
9,0.25,5.379114151000977
0,0.2333984375,5.387460708618164
1,0.2333984375,5.373660087585449
2,0.2333984375,5.359537124633789
3,0.2333984375,5.3451924324035645
4,0.2333984375,5.709864616394043
5,0.2333984375,5.319337844848633
6,0.2333984375,5.308157444000244
7,0.2333984375,5.296731948852539
8,0.2333984375,5.284740924835205
9,0.2333984375,5.272319316864014
0,0.2236328125,5.265467643737793
1,0.2236328125,5.252341270446777
2,0.2236328125,5.238852500915527
3,0.2236328125,5.278597354888916
4,0.2236328125,5.213109493255615
5,0.2236328125,5.201081275939941
6,0.2236328125,5.18931245803833
7,0.2236328125,5.177572727203369
8,0.2236328125,5.1659464836120605
9,0.2236328125,5.154770851135254
0,0.240234375,5.094259262084961
1,0.240234375,5.082486152648926
2,0.240234375,5.06989860534668
3,0.240234375,5.057635307312012
4,0.240234375,5.0457234382629395
5,0.240234375,5.034243583679199
6,0.240234375,5.0230865478515625
7,0.240234375,5.012293815612793
8,0.240234375,5.001998424530029
9,0.240234375,5.102575302124023
0,0.224609375,5.051401138305664
1,0.224609375,5.041424751281738
2,0.224609375,5.029366493225098
3,0.224609375,5.420631408691406
4,0.2236328125,5.069611549377441
5,0.224609375,5.002788543701172
6,0.224609375,4.998256683349609
7,0.224609375,4.9915924072265625
8,0.224609375,4.98345947265625
9,0.224609375,4.974100589752197
0,0.25390625,4.929195404052734
1,0.25390625,4.919118881225586
2,0.25390625,4.9083967208862305
3,0.25390625,4.897547245025635
4,0.25390625,4.887315273284912
5,0.25390625,4.876877784729004
6,0.25390625,4.867069244384766
7,0.25390625,4.857604026794434
8,0.25390625,4.848100662231445
9,0.25390625,4.8388872146606445
0,0.2392578125,4.8414812088012695
1,0.2392578125,4.831844329833984
2,0.2392578125,4.822282791137695
3,0.2392578125,4.81236457824707
4,0.2392578125,4.803009510040283
5,0.2392578125,4.7937726974487305
6,0.2392578125,4.784961700439453
7,0.2392578125,4.776346683502197
8,0.2392578125,4.767681121826172
9,0.2392578125,4.759237289428711
0,0.212890625,4.784557819366455
1,0.212890625,4.775633335113525
2,0.212890625,4.994488716125488
3,0.212890625,4.75951623916626
4,0.212890625,4.7533087730407715
5,0.212890625,4.74616813659668
6,0.212890625,4.7383503913879395
7,0.212890625,4.730129241943359
8,0.212890625,4.721775054931641
9,0.212890625,4.713559150695801
0,0.2236328125,4.711485862731934
1,0.2236328125,4.7029218673706055
2,0.2236328125,4.69423770904541
3,0.2236328125,4.685263633728027
4,0.2236328125,4.676886558532715
5,0.2236328125,4.668093681335449
6,0.2236328125,4.660423278808594
7,0.2236328125,4.652095317840576
8,0.2236328125,4.644461631774902
9,0.2236328125,4.636885166168213
0,0.2275390625,4.610067367553711
1,0.2275390625,4.602457046508789
2,0.2275390625,4.594623565673828
3,0.2275390625,4.586883544921875
4,0.2275390625,4.5792717933654785
5,0.2275390625,4.571856498718262
6,0.2275390625,4.564329147338867
7,0.2275390625,4.557188987731934
8,0.2275390625,4.5499396324157715
9,0.2275390625,4.542821884155273
0,0.2099609375,4.581987380981445
1,0.2099609375,4.574564456939697
2,0.2099609375,4.566943168640137
3,0.2099609375,4.559575080871582
4,0.208984375,4.738015651702881
5,0.2099609375,4.545790195465088
6,0.2099609375,4.539984226226807
7,0.2099609375,4.533311367034912
8,0.2099609375,4.526124000549316
9,0.2099609375,4.5187835693359375
0,0.2080078125,4.488527297973633
1,0.2080078125,4.480689525604248
2,0.2080078125,4.472036838531494
3,0.2080078125,5.12066650390625
4,0.2080078125,4.458366870880127
5,0.20703125,4.752151966094971
6,0.2080078125,4.467471122741699
7,0.2080078125,4.465424060821533
8,0.2080078125,4.4585747718811035
9,0.2080078125,4.449528694152832
0,0.232421875,4.449570178985596
1,0.232421875,4.439820289611816
2,0.232421875,4.429899215698242
3,0.232421875,4.4200286865234375
4,0.232421875,4.411203384399414
5,0.232421875,4.402690410614014
6,0.232421875,4.395135402679443
7,0.232421875,4.387609481811523
8,0.232421875,4.380489349365234
9,0.232421875,4.373905181884766
0,0.2412109375,4.382307529449463
1,0.2412109375,4.375155925750732
2,0.2412109375,4.367856979370117
3,0.2412109375,4.360606670379639
4,0.2412109375,4.353242874145508
5,0.2412109375,4.346494197845459
6,0.2412109375,4.339703559875488
7,0.2412109375,4.333354473114014
8,0.2412109375,4.327495574951172
9,0.2412109375,4.321139335632324
0,0.2236328125,4.295816898345947
1,0.2236328125,4.28894567489624
2,0.2236328125,4.281266689300537
3,0.2236328125,4.273957252502441
4,0.2236328125,4.266733169555664
5,0.2236328125,4.259664535522461
6,0.2236328125,4.25299072265625
7,0.2236328125,4.24687385559082
8,0.2236328125,4.24086856842041
9,0.2236328125,4.234887599945068
0,0.224609375,4.277665138244629
1,0.224609375,4.271559715270996
2,0.224609375,4.264981269836426
3,0.224609375,4.258599758148193
4,0.224609375,4.252198219299316
5,0.224609375,4.246033668518066
6,0.224609375,4.240017890930176
7,0.224609375,4.234137058258057
8,0.224609375,4.228324890136719
9,0.2236328125,4.229194164276123
0,0.2001953125,4.251811981201172
1,0.2001953125,4.245614051818848
2,0.2001953125,4.239218235015869
3,0.2001953125,4.232412338256836
4,0.2001953125,4.226116180419922
5,0.2001953125,4.21980094909668
6,0.2001953125,4.2138590812683105
7,0.2001953125,4.208146095275879
8,0.2001953125,4.202371597290039
9,0.2001953125,4.197086334228516
0,0.2431640625,4.140812397003174
1,0.2431640625,4.239163398742676
2,0.2431640625,4.125462532043457
3,0.2431640625,4.116863250732422
4,0.2431640625,4.1085286140441895
5,0.2431640625,4.100744724273682
6,0.2431640625,4.094002723693848
7,0.2431640625,4.087858200073242
8,0.2431640625,4.08228874206543
9,0.2431640625,4.076697826385498
0,0.2392578125,4.096073150634766
1,0.2392578125,4.090527534484863
2,0.2392578125,4.0843095779418945
3,0.2392578125,4.077981948852539
4,0.2392578125,4.071671962738037
5,0.2392578125,4.065980434417725
6,0.2392578125,4.0608696937561035
7,0.2392578125,4.055364608764648
8,0.2392578125,4.050158500671387
9,0.2392578125,4.0451178550720215
0,0.23046875,4.014515399932861
1,0.23046875,4.008733749389648
2,0.23046875,4.002764701843262
3,0.23046875,3.9969592094421387
4,0.23046875,3.990905523300171
5,0.23046875,3.9855761528015137
6,0.23046875,3.980380058288574
7,0.23046875,3.9757566452026367
8,0.23046875,3.9708805084228516
9,0.23046875,3.9662272930145264
0,0.244140625,4.008172035217285
1,0.244140625,4.002089977264404
2,0.244140625,3.9947350025177
3,0.2431640625,4.059732913970947
4,0.244140625,3.981466054916382
5,0.244140625,3.9763846397399902
6,0.244140625,3.971715211868286
7,0.244140625,3.9669246673583984
8,0.244140625,3.961668014526367
9,0.244140625,3.95656418800354
0,0.255859375,3.932981491088867
1,0.255859375,3.9278740882873535
2,0.255859375,3.922062873840332
3,0.255859375,3.916283369064331
4,0.255859375,3.9105348587036133
5,0.255859375,3.9051005840301514
6,0.255859375,3.8997316360473633
7,0.255859375,3.8948073387145996
8,0.255859375,3.889979600906372
9,0.255859375,3.885324478149414
0,0.21484375,3.9409053325653076
1,0.21484375,3.9346742630004883
2,0.21484375,3.9271302223205566
3,0.21484375,3.9202189445495605
4,0.21484375,3.9124913215637207
5,0.21484375,3.9061994552612305
6,0.21484375,3.9009432792663574
7,0.21484375,3.895878553390503
8,0.21484375,3.8915340900421143
9,0.21484375,3.887134075164795
0,0.220703125,3.865025520324707
1,0.220703125,3.8608286380767822
2,0.220703125,3.856226921081543
3,0.220703125,3.8514392375946045
4,0.220703125,3.846717596054077
5,0.220703125,3.8419888019561768
6,0.220703125,3.837709665298462
7,0.220703125,3.8333346843719482
8,0.220703125,3.829014301300049
9,0.220703125,3.82492995262146
0,0.20703125,3.8523342609405518
1,0.20703125,3.84700083732605
2,0.20703125,3.841067314147949
3,0.20703125,3.8349552154541016
4,0.20703125,3.8293251991271973
5,0.20703125,3.8241944313049316
6,0.20703125,3.8189446926116943
7,0.20703125,3.8146755695343018
8,0.20703125,3.8104448318481445
9,0.20703125,3.806459426879883
0,0.2216796875,3.820725917816162
1,0.2216796875,3.8161404132843018
2,0.2216796875,3.810821056365967
3,0.2216796875,3.8059802055358887
4,0.2216796875,3.8008546829223633
5,0.2216796875,3.7960915565490723
6,0.2216796875,3.7917184829711914
7,0.2216796875,3.7874035835266113
8,0.2216796875,3.7835276126861572
9,0.2216796875,3.77958345413208
0,0.232421875,3.745220184326172
1,0.232421875,3.7413744926452637
2,0.232421875,3.7370657920837402
3,0.232421875,3.732774257659912
4,0.232421875,3.7285780906677246
5,0.232421875,3.724186420440674
6,0.232421875,3.720114231109619
7,0.232421875,3.71612286567688
8,0.232421875,3.7122466564178467
9,0.232421875,3.7083678245544434
0,0.2216796875,3.7136762142181396
1,0.2216796875,3.709048271179199
2,0.2216796875,3.704191207885742
3,0.2216796875,3.6988513469696045
4,0.2216796875,3.6943280696868896
5,0.2216796875,3.6899526119232178
6,0.2216796875,3.6860713958740234
7,0.2216796875,3.682023525238037
8,0.2216796875,3.6783761978149414
9,0.2216796875,3.6749157905578613
0,0.251953125,3.6720151901245117
1,0.251953125,3.6673760414123535
2,0.251953125,3.6620960235595703
3,0.251953125,3.657148599624634
4,0.251953125,3.65220308303833
5,0.251953125,3.6480586528778076
6,0.251953125,3.644023895263672
7,0.251953125,3.6402089595794678
8,0.251953125,3.6384153366088867
9,0.251953125,3.6332645416259766
0,0.2294921875,3.6660382747650146
1,0.2294921875,3.6619904041290283
2,0.2294921875,3.6578454971313477
3,0.2294921875,3.653648853302002
4,0.2294921875,3.6494522094726562
5,0.2294921875,3.6457414627075195
6,0.2294921875,3.6421308517456055
7,0.2294921875,3.638436794281006
8,0.2294921875,3.6350879669189453
9,0.2294921875,3.631582736968994
0,0.2099609375,3.6319360733032227
1,0.2099609375,3.6279468536376953
2,0.2099609375,3.623628616333008
3,0.2099609375,3.618877410888672
4,0.2099609375,3.6144931316375732
5,0.2099609375,3.610306739807129
6,0.2099609375,3.606463670730591
7,0.2099609375,3.602917194366455
8,0.2099609375,3.5993947982788086
9,0.2099609375,3.595928907394409
0,0.2119140625,3.6213955879211426
1,0.2119140625,3.6177566051483154
2,0.2119140625,3.6138033866882324
3,0.2119140625,3.6097655296325684
4,0.2119140625,3.605888605117798
5,0.2119140625,3.602372169494629
6,0.2119140625,3.598923683166504
7,0.2119140625,3.5954184532165527
8,0.2119140625,3.5921356678009033
9,0.2119140625,3.588719606399536
0,0.2333984375,3.5617682933807373
1,0.2333984375,3.5577733516693115
2,0.2333984375,3.553729772567749
3,0.2333984375,3.54933762550354
4,0.2333984375,3.5586626529693604
5,0.2333984375,3.547863006591797
6,0.2333984375,3.546860933303833
7,0.2333984375,3.542550563812256
8,0.2333984375,3.537437677383423
9,0.2333984375,3.532866954803467
0,0.255859375,3.497953414916992
1,0.255859375,3.493453025817871
2,0.255859375,3.4884114265441895
3,0.255859375,3.483375072479248
4,0.255859375,3.4786441326141357
5,0.255859375,3.474491596221924
6,0.255859375,3.470639228820801
7,0.255859375,3.4666924476623535
8,0.255859375,3.4633312225341797
9,0.255859375,3.4613401889801025
0,0.1962890625,3.523660182952881
1,0.1962890625,3.517242431640625
2,0.1962890625,3.5096380710601807
3,0.1962890625,3.5022318363189697
4,0.1962890625,3.494720935821533
5,0.1962890625,3.4893798828125
6,0.1962890625,3.4848010540008545
7,0.1962890625,3.4807791709899902
8,0.1962890625,3.4774036407470703
9,0.1962890625,3.4741721153259277
0,0.2275390625,3.481346845626831
1,0.2275390625,3.476553201675415
2,0.2275390625,3.470606565475464
3,0.2275390625,3.4647350311279297
4,0.2275390625,3.4636824131011963
5,0.2275390625,3.4544217586517334
6,0.2275390625,3.4502227306365967
7,0.2275390625,3.4470136165618896
8,0.2275390625,3.4438583850860596
9,0.2275390625,3.440814733505249
0,0.236328125,3.4315245151519775
1,0.236328125,3.428056240081787
2,0.236328125,3.4239792823791504
3,0.236328125,3.419668197631836
4,0.236328125,3.4159188270568848
5,0.236328125,3.4121971130371094
6,0.236328125,3.408716917037964
7,0.236328125,3.4051671028137207
8,0.236328125,3.4021873474121094
9,0.236328125,3.3992443084716797
0,0.2265625,3.417858600616455
1,0.2265625,3.4148154258728027
2,0.2265625,3.411282777786255
3,0.2265625,3.4081993103027344
4,0.2265625,3.404470920562744
5,0.2265625,3.401245355606079
6,0.2265625,3.3980281352996826
7,0.2265625,3.394989490509033
8,0.2265625,3.3921291828155518
9,0.2265625,3.3892717361450195
0,0.2333984375,3.380560874938965
1,0.2333984375,3.377685546875
2,0.2333984375,3.374819278717041
3,0.2333984375,3.3718161582946777
4,0.2333984375,3.368962526321411
5,0.2333984375,3.3661842346191406
6,0.2333984375,3.363495111465454
7,0.2333984375,3.3606536388397217
8,0.234375,3.356917381286621
9,0.2333984375,3.355433225631714
0,0.2236328125,3.4092726707458496
1,0.2236328125,3.4058680534362793
2,0.2236328125,3.4019222259521484
3,0.2236328125,3.3977062702178955
4,0.2236328125,3.3938140869140625
5,0.2236328125,3.3901567459106445
6,0.2236328125,3.3866591453552246
7,0.2236328125,3.383301258087158
8,0.2236328125,3.3803491592407227
9,0.2236328125,3.410414218902588
0,0.2197265625,3.3384084701538086
1,0.2197265625,3.336792469024658
2,0.2197265625,3.332642078399658
3,0.2197265625,3.3275651931762695
4,0.2197265625,3.3250088691711426
5,0.2197265625,3.3323206901550293
6,0.2197265625,3.3142638206481934
7,0.2197265625,3.31109356880188
8,0.2197265625,3.3081135749816895
9,0.2197265625,3.3048195838928223
0,0.2275390625,3.303887367248535
1,0.2275390625,3.2949793338775635
2,0.2275390625,3.2910354137420654
3,0.2275390625,3.2864830493927
4,0.2275390625,3.2810442447662354
5,0.2275390625,3.2768890857696533
6,0.2275390625,3.273881435394287
7,0.2275390625,3.269965887069702
8,0.2275390625,3.2669026851654053
9,0.2275390625,3.2643895149230957
0,0.2373046875,3.2432570457458496
1,0.2373046875,3.249523401260376
2,0.2373046875,3.2367606163024902
3,0.2373046875,3.2334957122802734
4,0.2373046875,3.229951858520508
5,0.2373046875,3.226478338241577
6,0.2373046875,3.2235467433929443
7,0.2373046875,3.2205119132995605
8,0.2373046875,3.217592716217041
9,0.2373046875,3.2150182723999023
0,0.2265625,3.260023593902588
1,0.2265625,3.256937265396118
2,0.2265625,3.2537543773651123
3,0.2265625,3.2506375312805176
4,0.2265625,3.249691963195801
5,0.2265625,3.2445003986358643
6,0.2265625,3.241992712020874
7,0.2265625,3.2380011081695557
8,0.2265625,3.2367103099823
9,0.2265625,3.2342374324798584
0,0.2216796875,3.249032497406006
1,0.2216796875,3.246121883392334
2,0.2216796875,3.2426443099975586
3,0.2216796875,3.2390973567962646
4,0.2216796875,3.235840320587158
5,0.2216796875,3.2330784797668457
6,0.2216796875,3.230220079421997
7,0.2216796875,3.22753643989563
8,0.2216796875,3.225186586380005
9,0.2216796875,3.222695827484131
0,0.234375,3.2196097373962402
1,0.234375,3.2256133556365967
2,0.2333984375,3.215034246444702
3,0.234375,3.210630178451538
4,0.234375,3.2078723907470703
5,0.234375,3.2046656608581543
6,0.234375,3.201590061187744
7,0.234375,3.199052333831787
8,0.234375,3.1964452266693115
9,0.234375,3.1939940452575684
0,0.2373046875,3.157578468322754
1,0.2373046875,3.154259443283081
2,0.2373046875,3.150529384613037
3,0.2373046875,3.146662950515747
4,0.2373046875,3.1416730880737305
5,0.2373046875,3.1393861770629883
6,0.2373046875,3.136317729949951
7,0.2373046875,3.1333017349243164
8,0.2373046875,3.130502223968506
9,0.2373046875,3.127865791320801
0,0.2236328125,3.1976075172424316
1,0.2236328125,3.194762945175171
2,0.2236328125,3.1912596225738525
3,0.2236328125,3.187534809112549
4,0.2236328125,3.1838016510009766
5,0.2236328125,3.1808149814605713
6,0.2236328125,3.1776232719421387
7,0.2236328125,3.174600124359131
8,0.2236328125,3.1722474098205566
9,0.2236328125,3.169821262359619
0,0.22265625,3.1591296195983887
1,0.22265625,3.156613349914551
2,0.22265625,3.1542325019836426
3,0.22265625,3.1516919136047363
4,0.22265625,3.1490936279296875
5,0.2216796875,3.1487040519714355
6,0.22265625,3.144524335861206
7,0.22265625,3.142242193222046
8,0.22265625,3.1401801109313965
9,0.22265625,3.1381022930145264
0,0.2353515625,3.148996353149414
1,0.2353515625,3.146040916442871
2,0.2353515625,3.142801284790039
3,0.2353515625,3.1394524574279785
4,0.2353515625,3.13641095161438
5,0.2353515625,3.1337437629699707
6,0.2353515625,3.131282091140747
7,0.2353515625,3.1287856101989746
8,0.2353515625,3.1267991065979004
9,0.2353515625,3.1245973110198975
0,0.220703125,3.102468967437744
1,0.220703125,3.1030185222625732
2,0.220703125,3.094794273376465
3,0.220703125,3.0905332565307617
4,0.220703125,3.086595058441162
5,0.220703125,3.083885431289673
6,0.220703125,3.0808522701263428
7,0.220703125,3.078460931777954
8,0.220703125,3.0761609077453613
9,0.220703125,3.0740699768066406
0,0.236328125,3.062412738800049
1,0.236328125,3.059960126876831
2,0.236328125,3.0572128295898438
3,0.236328125,3.0548095703125
4,0.236328125,3.0521788597106934
5,0.236328125,3.050806999206543
6,0.236328125,3.0478339195251465
7,0.236328125,3.0458858013153076
8,0.236328125,3.044009208679199
9,0.236328125,3.0418548583984375
0,0.2294921875,3.0515401363372803
1,0.2294921875,3.0493412017822266
2,0.2294921875,3.0469987392425537
3,0.2294921875,3.0445806980133057
4,0.2294921875,3.042295217514038
5,0.2294921875,3.0400071144104004
6,0.2294921875,3.0376596450805664
7,0.2294921875,3.035598039627075
8,0.2294921875,3.033634662628174
9,0.2294921875,3.0346269607543945
0,0.228515625,3.054539918899536
1,0.228515625,3.05180025100708
2,0.228515625,3.04843807220459
3,0.228515625,3.045542001724243
4,0.228515625,3.0425429344177246
5,0.228515625,3.0397329330444336
6,0.228515625,3.0377304553985596
7,0.228515625,3.0354714393615723
8,0.228515625,3.033438205718994
9,0.228515625,3.0315871238708496
0,0.2294921875,3.0486464500427246
1,0.2294921875,3.046165943145752
2,0.2294921875,3.0432639122009277
3,0.2294921875,3.0405941009521484
4,0.2294921875,3.037865400314331
5,0.2294921875,3.035585641860962
6,0.2294921875,3.0331649780273438
7,0.2294921875,3.0316872596740723
8,0.2294921875,3.028984785079956
9,0.2294921875,3.02728271484375
0,0.2353515625,3.0103061199188232
1,0.2353515625,3.007105588912964
2,0.2353515625,3.002981185913086
3,0.2353515625,2.9993505477905273
4,0.2353515625,2.995652198791504
5,0.2353515625,2.9926071166992188
6,0.2353515625,2.9902782440185547
7,0.2353515625,2.988252639770508
8,0.2353515625,2.9862048625946045
9,0.2353515625,2.9842464923858643
0,0.2177734375,3.0084946155548096
1,0.2177734375,3.005145311355591
2,0.2177734375,3.0018067359924316
3,0.2177734375,2.997025966644287
4,0.2177734375,2.9934680461883545
5,0.2177734375,2.99021053314209
6,0.2177734375,2.9875025749206543
7,0.2177734375,2.984832525253296
8,0.2177734375,2.9828689098358154
9,0.2177734375,2.98075008392334
0,0.2294921875,2.9881651401519775
1,0.2294921875,2.985386610031128
2,0.2294921875,2.981677532196045
3,0.2294921875,2.97849702835083
4,0.2294921875,2.9750936031341553
5,0.2294921875,2.971879482269287
6,0.2294921875,2.9693679809570312
7,0.2294921875,2.966871976852417
8,0.2294921875,2.965109348297119
9,0.2294921875,2.9627509117126465
0,0.2529296875,2.9438607692718506
1,0.2529296875,2.941744327545166
2,0.2529296875,2.938509702682495
3,0.2529296875,2.935100555419922
4,0.2529296875,2.931812286376953
5,0.2529296875,2.9289019107818604
6,0.2529296875,2.9265241622924805
7,0.2529296875,2.9244179725646973
8,0.2529296875,2.922307252883911
9,0.2529296875,2.9206924438476562
0,0.232421875,2.953618049621582
1,0.232421875,2.9515111446380615
2,0.232421875,2.9489283561706543
3,0.232421875,2.9464023113250732
4,0.232421875,2.9442715644836426
5,0.232421875,2.9419612884521484
6,0.232421875,2.939993381500244
7,0.232421875,2.938307762145996
8,0.232421875,2.9366161823272705
9,0.232421875,2.9347434043884277
0,0.22265625,2.933018207550049
1,0.22265625,2.930678367614746
2,0.22265625,2.9284427165985107
3,0.22265625,2.926175355911255
4,0.22265625,2.9238696098327637
5,0.22265625,2.9218151569366455
6,0.2216796875,2.9271585941314697
7,0.22265625,2.9180855751037598
8,0.22265625,2.9170775413513184
9,0.22265625,2.9153597354888916
0,0.2109375,2.9293458461761475
1,0.2109375,2.9271817207336426
2,0.2109375,2.9247183799743652
3,0.2109375,2.922175884246826
4,0.2109375,2.919857978820801
5,0.2109375,2.917576551437378
6,0.2109375,2.9153614044189453
7,0.2109375,2.9134812355041504
8,0.2109375,2.9116499423980713
9,0.2109375,2.9099409580230713
0,0.20703125,2.8886337280273438
1,0.20703125,2.885984182357788
2,0.20703125,2.8825230598449707
3,0.20703125,2.8795974254608154
4,0.20703125,2.8763253688812256
5,0.203125,2.8739266395568848
6,0.2109375,2.871840000152588
7,0.2109375,2.8698737621307373
8,0.2109375,2.868166923522949
9,0.2109375,2.8664913177490234
0,0.1875,2.887749195098877
1,0.1923828125,2.8850514888763428
2,0.228515625,2.8813438415527344
3,0.228515625,2.8783931732177734
4,0.228515625,2.875182867050171
5,0.228515625,2.873281955718994
6,0.228515625,2.871210813522339
7,0.228515625,2.869237184524536
8,0.228515625,2.867652177810669
9,0.228515625,2.8659610748291016
0,0.2275390625,2.8526198863983154
1,0.2275390625,2.8507702350616455
2,0.2275390625,2.8489112854003906
3,0.2275390625,2.847029685974121
4,0.2275390625,2.845210075378418
5,0.2275390625,2.8434391021728516
6,0.2275390625,2.841646671295166
7,0.2275390625,2.839911937713623
8,0.2275390625,2.838334560394287
9,0.2275390625,2.8366737365722656
0,0.2197265625,2.867269277572632
1,0.2197265625,2.8653125762939453
2,0.2197265625,2.8630614280700684
3,0.2197265625,2.86073637008667
4,0.2197265625,2.858588695526123
5,0.2197265625,2.8565964698791504
6,0.2197265625,2.8547873497009277
7,0.2197265625,2.853121042251587
8,0.2197265625,2.8515326976776123
9,0.2197265625,2.8500685691833496
0,0.21875,2.831756591796875
1,0.21875,2.829623222351074
2,0.21875,2.826427698135376
3,0.21875,2.8236351013183594
4,0.21875,2.8214211463928223
5,0.21875,2.818833827972412
6,0.21875,2.8168792724609375
7,0.21875,2.8154735565185547
8,0.21875,2.8138976097106934
9,0.21875,2.8123538494110107
0,0.23828125,2.8152260780334473
1,0.23828125,2.8125627040863037
2,0.23828125,2.8093349933624268
3,0.23828125,2.8059611320495605
4,0.23828125,2.802779197692871
5,0.23828125,2.800619602203369
6,0.23828125,2.798261880874634
7,0.23828125,2.796407699584961
8,0.23828125,2.7948617935180664
9,0.23828125,2.793142318725586
0,0.2373046875,2.834754467010498
1,0.2373046875,2.831988573074341
2,0.2373046875,2.82840895652771
3,0.2373046875,2.824995517730713
4,0.2373046875,2.821927547454834
5,0.2373046875,2.819122552871704
6,0.2373046875,2.816913604736328
7,0.2373046875,2.8145508766174316
8,0.2373046875,2.8128552436828613
9,0.2373046875,2.8110404014587402
0,0.2099609375,2.805166721343994
1,0.2099609375,2.8024659156799316
2,0.2099609375,2.799098253250122
3,0.2099609375,2.7961204051971436
4,0.2099609375,2.7931904792785645
5,0.2099609375,2.790632963180542
6,0.2099609375,2.7888150215148926
7,0.2099609375,2.7870333194732666
8,0.2099609375,2.785391330718994
9,0.2099609375,2.7838165760040283
0,0.203125,2.8068501949310303
1,0.203125,2.8046460151672363
2,0.203125,2.802058458328247
3,0.203125,2.799936532974243
4,0.203125,2.7969796657562256
5,0.203125,2.7944979667663574
6,0.203125,2.792909622192383
7,0.203125,2.7914624214172363
8,0.203125,2.7897560596466064
9,0.203125,2.7885055541992188
0,0.2001953125,2.8069636821746826
1,0.2001953125,2.805276870727539
2,0.2001953125,2.803280830383301
3,0.2001953125,2.801124095916748
4,0.2001953125,2.7989096641540527
5,0.2001953125,2.7971444129943848
6,0.2001953125,2.7951762676239014
7,0.2001953125,2.793459415435791
8,0.2001953125,2.7920074462890625
9,0.2001953125,2.790539264678955
0,0.2265625,2.7737932205200195
1,0.2265625,2.771491050720215
2,0.2265625,2.768903970718384
3,0.2265625,2.766162872314453
4,0.2265625,2.7636938095092773
5,0.2265625,2.7615678310394287
6,0.2265625,2.7597901821136475
7,0.2265625,2.7579197883605957
8,0.2265625,2.756235361099243
9,0.2265625,2.754793643951416
0,0.208984375,2.764010429382324
1,0.208984375,2.7622671127319336
2,0.208984375,2.759979009628296
3,0.208984375,2.7579596042633057
4,0.208984375,2.7562265396118164
5,0.208984375,2.7546632289886475
6,0.208984375,2.7530927658081055
7,0.208984375,2.751852035522461
8,0.208984375,2.750478982925415
9,0.208984375,2.7492504119873047
0,0.2236328125,2.7453157901763916
1,0.2236328125,2.743130683898926
2,0.2236328125,2.7404768466949463
3,0.2236328125,2.737619161605835
4,0.2236328125,2.7349307537078857
5,0.2236328125,2.7328381538391113
6,0.2236328125,2.7309348583221436
7,0.2236328125,2.729083776473999
8,0.2236328125,2.727747917175293
9,0.2236328125,2.726517677307129
0,0.205078125,2.7486941814422607
1,0.205078125,2.7466580867767334
2,0.205078125,2.7440378665924072
3,0.205078125,2.7415153980255127
4,0.205078125,2.739086866378784
5,0.205078125,2.7368125915527344
6,0.205078125,2.735198974609375
7,0.205078125,2.7335119247436523
8,0.205078125,2.7318520545959473
9,0.205078125,2.7303943634033203
